INFO 2025-04-13 19:45:57,929 autoreload Watching for file changes with StatReloader
INFO 2025-04-13 19:53:13,816 autoreload C:\django_projects\backend_ecommerce\backend_ecommerce\settings.py changed, reloading.
INFO 2025-04-13 19:55:19,764 autoreload Watching for file changes with StatReloader
INFO 2025-04-13 19:56:52,509 autoreload Watching for file changes with StatReloader
INFO 2025-04-13 20:01:57,188 autoreload C:\django_projects\backend_ecommerce\backend_ecommerce\settings.py changed, reloading.
INFO 2025-04-13 20:01:57,434 autoreload C:\django_projects\backend_ecommerce\backend_ecommerce\settings.py changed, reloading.
INFO 2025-04-13 20:02:19,043 autoreload Watching for file changes with StatReloader
INFO 2025-04-13 20:02:19,051 autoreload Watching for file changes with StatReloader
INFO 2025-04-13 20:04:59,594 autoreload C:\django_projects\backend_ecommerce\backend_ecommerce\settings.py changed, reloading.
INFO 2025-04-13 20:05:00,528 autoreload C:\django_projects\backend_ecommerce\backend_ecommerce\settings.py changed, reloading.
INFO 2025-04-13 20:05:28,809 autoreload Watching for file changes with StatReloader
INFO 2025-04-13 20:05:28,809 autoreload Watching for file changes with StatReloader
INFO 2025-04-13 20:07:17,894 autoreload Watching for file changes with StatReloader
INFO 2025-04-13 20:12:02,815 autoreload C:\django_projects\backend_ecommerce\backend_ecommerce\settings.py changed, reloading.
INFO 2025-04-13 20:12:22,525 autoreload Watching for file changes with StatReloader
INFO 2025-04-13 20:22:23,508 autoreload C:\django_projects\backend_ecommerce\products\urls.py changed, reloading.
INFO 2025-04-13 20:23:43,695 autoreload Watching for file changes with StatReloader
INFO 2025-04-13 20:23:43,699 autoreload Watching for file changes with StatReloader
INFO 2025-04-13 20:23:43,700 autoreload Watching for file changes with StatReloader
INFO 2025-04-13 20:23:44,995 autoreload Watching for file changes with StatReloader
INFO 2025-04-13 23:06:45,747 autoreload Watching for file changes with StatReloader
INFO 2025-04-13 23:09:53,842 autoreload C:\django_projects\backend_ecommerce\products\urls.py changed, reloading.
INFO 2025-04-13 23:10:35,885 autoreload Watching for file changes with StatReloader
ERROR 2025-04-13 23:11:12,807 log Internal Server Error: /api/v1/product/laptop/images/
Traceback (most recent call last):
  File "C:\django_projects\backend_ecommerce\env\Lib\site-packages\django\core\handlers\exception.py", line 55, in inner
    response = get_response(request)
               ^^^^^^^^^^^^^^^^^^^^^
  File "C:\django_projects\backend_ecommerce\env\Lib\site-packages\django\core\handlers\base.py", line 197, in _get_response
    response = wrapped_callback(request, *callback_args, **callback_kwargs)
               ^^^^^^^^^^^^^^^^^^^^^^^^^^^^^^^^^^^^^^^^^^^^^^^^^^^^^^^^^^^^
  File "C:\django_projects\backend_ecommerce\env\Lib\site-packages\django\views\decorators\csrf.py", line 65, in _view_wrapper
    return view_func(request, *args, **kwargs)
           ^^^^^^^^^^^^^^^^^^^^^^^^^^^^^^^^^^^
  File "C:\django_projects\backend_ecommerce\env\Lib\site-packages\django\views\generic\base.py", line 104, in view
    return self.dispatch(request, *args, **kwargs)
           ^^^^^^^^^^^^^^^^^^^^^^^^^^^^^^^^^^^^^^^
  File "C:\django_projects\backend_ecommerce\env\Lib\site-packages\rest_framework\views.py", line 515, in dispatch
    response = self.handle_exception(exc)
               ^^^^^^^^^^^^^^^^^^^^^^^^^^
  File "C:\django_projects\backend_ecommerce\env\Lib\site-packages\rest_framework\views.py", line 475, in handle_exception
    self.raise_uncaught_exception(exc)
  File "C:\django_projects\backend_ecommerce\env\Lib\site-packages\rest_framework\views.py", line 486, in raise_uncaught_exception
    raise exc
  File "C:\django_projects\backend_ecommerce\env\Lib\site-packages\rest_framework\views.py", line 512, in dispatch
    response = handler(request, *args, **kwargs)
               ^^^^^^^^^^^^^^^^^^^^^^^^^^^^^^^^^
TypeError: ProductImageAPIView.post() got an unexpected keyword argument 'slug'
INFO 2025-04-13 23:14:42,323 autoreload Watching for file changes with StatReloader
INFO 2025-04-13 23:18:04,403 autoreload Watching for file changes with StatReloader
ERROR 2025-04-13 23:18:26,400 log Internal Server Error: /api/v1/product/laptop/images/
Traceback (most recent call last):
  File "C:\django_projects\backend_ecommerce\env\Lib\site-packages\django\core\handlers\exception.py", line 55, in inner
    response = get_response(request)
               ^^^^^^^^^^^^^^^^^^^^^
  File "C:\django_projects\backend_ecommerce\env\Lib\site-packages\django\core\handlers\base.py", line 197, in _get_response
    response = wrapped_callback(request, *callback_args, **callback_kwargs)
               ^^^^^^^^^^^^^^^^^^^^^^^^^^^^^^^^^^^^^^^^^^^^^^^^^^^^^^^^^^^^
  File "C:\django_projects\backend_ecommerce\env\Lib\site-packages\django\views\decorators\csrf.py", line 65, in _view_wrapper
    return view_func(request, *args, **kwargs)
           ^^^^^^^^^^^^^^^^^^^^^^^^^^^^^^^^^^^
  File "C:\django_projects\backend_ecommerce\env\Lib\site-packages\django\views\generic\base.py", line 104, in view
    return self.dispatch(request, *args, **kwargs)
           ^^^^^^^^^^^^^^^^^^^^^^^^^^^^^^^^^^^^^^^
  File "C:\django_projects\backend_ecommerce\env\Lib\site-packages\rest_framework\views.py", line 515, in dispatch
    response = self.handle_exception(exc)
               ^^^^^^^^^^^^^^^^^^^^^^^^^^
  File "C:\django_projects\backend_ecommerce\env\Lib\site-packages\rest_framework\views.py", line 475, in handle_exception
    self.raise_uncaught_exception(exc)
  File "C:\django_projects\backend_ecommerce\env\Lib\site-packages\rest_framework\views.py", line 486, in raise_uncaught_exception
    raise exc
  File "C:\django_projects\backend_ecommerce\env\Lib\site-packages\rest_framework\views.py", line 512, in dispatch
    response = handler(request, *args, **kwargs)
               ^^^^^^^^^^^^^^^^^^^^^^^^^^^^^^^^^
TypeError: ProductImageAPIView.post() got an unexpected keyword argument 'slug'
INFO 2025-04-13 23:20:20,004 autoreload C:\django_projects\backend_ecommerce\backend_ecommerce\settings.py changed, reloading.
INFO 2025-04-13 23:20:20,024 autoreload C:\django_projects\backend_ecommerce\backend_ecommerce\settings.py changed, reloading.
INFO 2025-04-13 23:20:42,934 autoreload Watching for file changes with StatReloader
INFO 2025-04-13 23:20:42,935 autoreload Watching for file changes with StatReloader
ERROR 2025-04-13 23:21:16,995 log Internal Server Error: /api/v1/product/laptop/images/
Traceback (most recent call last):
  File "C:\django_projects\backend_ecommerce\env\Lib\site-packages\django\core\handlers\exception.py", line 55, in inner
    response = get_response(request)
               ^^^^^^^^^^^^^^^^^^^^^
  File "C:\django_projects\backend_ecommerce\env\Lib\site-packages\django\core\handlers\base.py", line 197, in _get_response
    response = wrapped_callback(request, *callback_args, **callback_kwargs)
               ^^^^^^^^^^^^^^^^^^^^^^^^^^^^^^^^^^^^^^^^^^^^^^^^^^^^^^^^^^^^
  File "C:\django_projects\backend_ecommerce\env\Lib\site-packages\django\views\decorators\csrf.py", line 65, in _view_wrapper
    return view_func(request, *args, **kwargs)
           ^^^^^^^^^^^^^^^^^^^^^^^^^^^^^^^^^^^
  File "C:\django_projects\backend_ecommerce\env\Lib\site-packages\django\views\generic\base.py", line 104, in view
    return self.dispatch(request, *args, **kwargs)
           ^^^^^^^^^^^^^^^^^^^^^^^^^^^^^^^^^^^^^^^
  File "C:\django_projects\backend_ecommerce\env\Lib\site-packages\rest_framework\views.py", line 515, in dispatch
    response = self.handle_exception(exc)
               ^^^^^^^^^^^^^^^^^^^^^^^^^^
  File "C:\django_projects\backend_ecommerce\env\Lib\site-packages\rest_framework\views.py", line 475, in handle_exception
    self.raise_uncaught_exception(exc)
  File "C:\django_projects\backend_ecommerce\env\Lib\site-packages\rest_framework\views.py", line 486, in raise_uncaught_exception
    raise exc
  File "C:\django_projects\backend_ecommerce\env\Lib\site-packages\rest_framework\views.py", line 512, in dispatch
    response = handler(request, *args, **kwargs)
               ^^^^^^^^^^^^^^^^^^^^^^^^^^^^^^^^^
TypeError: ProductImageAPIView.post() got an unexpected keyword argument 'slug'
INFO 2025-04-13 23:24:27,024 autoreload C:\django_projects\backend_ecommerce\products\views.py changed, reloading.
INFO 2025-04-13 23:24:27,133 autoreload C:\django_projects\backend_ecommerce\products\views.py changed, reloading.
INFO 2025-04-13 23:24:51,493 autoreload Watching for file changes with StatReloader
INFO 2025-04-13 23:24:51,500 autoreload Watching for file changes with StatReloader
INFO 2025-04-13 23:27:28,157 autoreload C:\django_projects\backend_ecommerce\products\views.py changed, reloading.
INFO 2025-04-13 23:27:28,386 autoreload C:\django_projects\backend_ecommerce\products\views.py changed, reloading.
INFO 2025-04-13 23:27:34,729 autoreload Watching for file changes with StatReloader
INFO 2025-04-13 23:27:35,085 autoreload Watching for file changes with StatReloader
INFO 2025-04-13 23:27:47,205 autoreload C:\django_projects\backend_ecommerce\products\urls.py changed, reloading.
INFO 2025-04-13 23:27:47,227 autoreload C:\django_projects\backend_ecommerce\products\urls.py changed, reloading.
INFO 2025-04-13 23:27:50,768 autoreload Watching for file changes with StatReloader
INFO 2025-04-13 23:27:50,764 autoreload Watching for file changes with StatReloader
INFO 2025-04-13 23:28:52,243 views Received request to upload image for product with slug: laptop
INFO 2025-04-13 23:28:53,588 views Product found: Laptop (slug: laptop)
INFO 2025-04-13 23:28:53,591 serializers Received data for ProductImageSerializer: <QueryDict: {'image': [<InMemoryUploadedFile: image1.jpg (image/jpeg)>]}>
INFO 2025-04-13 23:28:54,511 views Serializer is valid, proceeding to save image
INFO 2025-04-13 23:28:54,883 views Image saved successfully: {'id': 1, 'product': 1, 'image': '/media/product_images/image1.jpg'}
INFO 2025-04-13 23:38:43,934 autoreload Watching for file changes with StatReloader
INFO 2025-04-13 23:39:19,694 views Received request to upload image for product with slug: laptop
INFO 2025-04-13 23:39:20,878 views Product found: Laptop (slug: laptop)
INFO 2025-04-13 23:39:20,891 serializers Received data for ProductImageSerializer: <QueryDict: {'image': [<InMemoryUploadedFile: image1.jpg (image/jpeg)>]}>
INFO 2025-04-13 23:39:21,366 views Serializer is valid, proceeding to save image
INFO 2025-04-13 23:39:21,635 views Image saved successfully: {'id': 2, 'product': 1, 'image': '/product_images/image1.jpg', 'created_at': '2025-04-13T16:39:21.407881Z', 'updated_at': '2025-04-13T16:39:21.408850Z'}
INFO 2025-04-13 23:41:26,367 autoreload C:\django_projects\backend_ecommerce\backend_ecommerce\settings.py changed, reloading.
INFO 2025-04-14 00:02:36,530 autoreload Watching for file changes with StatReloader
INFO 2025-04-14 00:03:59,514 views Received request to upload image for product with slug: laptop
INFO 2025-04-14 00:04:00,853 views Product found: Laptop (slug: laptop)
INFO 2025-04-14 00:04:00,864 serializers Received data for ProductImageSerializer: <QueryDict: {'image': [<InMemoryUploadedFile: image1.jpg (image/jpeg)>]}>
INFO 2025-04-14 00:04:00,865 views Serializer is valid, proceeding to save image
INFO 2025-04-14 00:04:05,145 views Image saved successfully: {'id': 3, 'product': 1, 'image': 'image/upload/v1744563843/p23zvtr0rxh1ttb8j8ca.jpg', 'created_at': '2025-04-13T17:04:04.735775Z', 'updated_at': '2025-04-13T17:04:04.735775Z'}
INFO 2025-04-14 00:07:48,038 autoreload C:\django_projects\backend_ecommerce\products\serializers.py changed, reloading.
INFO 2025-04-14 00:08:43,442 autoreload Watching for file changes with StatReloader
INFO 2025-04-14 00:09:25,004 autoreload Watching for file changes with StatReloader
INFO 2025-04-14 00:11:40,006 autoreload C:\django_projects\backend_ecommerce\products\serializers.py changed, reloading.
INFO 2025-04-14 00:11:40,028 autoreload C:\django_projects\backend_ecommerce\products\serializers.py changed, reloading.
INFO 2025-04-14 00:11:52,619 autoreload Watching for file changes with StatReloader
INFO 2025-04-14 00:11:52,699 autoreload Watching for file changes with StatReloader
INFO 2025-04-14 00:13:16,058 views Received request to upload image for product with slug: laptop
INFO 2025-04-14 00:13:17,740 views Product found: Laptop (slug: laptop)
INFO 2025-04-14 00:13:17,765 serializers Received data for ProductImageSerializer: <QueryDict: {'image': [<InMemoryUploadedFile: image1.jpg (image/jpeg)>]}>
INFO 2025-04-14 00:13:17,782 views Serializer is valid, proceeding to save image
ERROR 2025-04-14 00:13:18,040 views Unexpected error while uploading image: null value in column "image" of relation "products_productimage" violates not-null constraint
DETAIL:  Failing row contains (4, 2025-04-13 17:13:17.784488+00, 2025-04-13 17:13:17.784488+00, null, 1, null).
Traceback (most recent call last):
  File "C:\django_projects\backend_ecommerce\env\Lib\site-packages\django\db\backends\utils.py", line 105, in _execute
    return self.cursor.execute(sql, params)
           ^^^^^^^^^^^^^^^^^^^^^^^^^^^^^^^^
psycopg2.errors.NotNullViolation: null value in column "image" of relation "products_productimage" violates not-null constraint
DETAIL:  Failing row contains (4, 2025-04-13 17:13:17.784488+00, 2025-04-13 17:13:17.784488+00, null, 1, null).


The above exception was the direct cause of the following exception:

Traceback (most recent call last):
  File "C:\django_projects\backend_ecommerce\products\views.py", line 136, in post
    serializer.save(product=product)  # Gán product vào serializer
    ^^^^^^^^^^^^^^^^^^^^^^^^^^^^^^^^
  File "C:\django_projects\backend_ecommerce\env\Lib\site-packages\rest_framework\serializers.py", line 210, in save
    self.instance = self.create(validated_data)
                    ^^^^^^^^^^^^^^^^^^^^^^^^^^^
  File "C:\django_projects\backend_ecommerce\env\Lib\site-packages\rest_framework\serializers.py", line 991, in create
    instance = ModelClass._default_manager.create(**validated_data)
               ^^^^^^^^^^^^^^^^^^^^^^^^^^^^^^^^^^^^^^^^^^^^^^^^^^^^
  File "C:\django_projects\backend_ecommerce\env\Lib\site-packages\django\db\models\manager.py", line 87, in manager_method
    return getattr(self.get_queryset(), name)(*args, **kwargs)
           ^^^^^^^^^^^^^^^^^^^^^^^^^^^^^^^^^^^^^^^^^^^^^^^^^^^
  File "C:\django_projects\backend_ecommerce\env\Lib\site-packages\django\db\models\query.py", line 663, in create
    obj.save(force_insert=True, using=self.db)
  File "C:\django_projects\backend_ecommerce\env\Lib\site-packages\django\db\models\base.py", line 902, in save
    self.save_base(
  File "C:\django_projects\backend_ecommerce\env\Lib\site-packages\django\db\models\base.py", line 1008, in save_base
    updated = self._save_table(
              ^^^^^^^^^^^^^^^^^
  File "C:\django_projects\backend_ecommerce\env\Lib\site-packages\django\db\models\base.py", line 1169, in _save_table
    results = self._do_insert(
              ^^^^^^^^^^^^^^^^
  File "C:\django_projects\backend_ecommerce\env\Lib\site-packages\django\db\models\base.py", line 1210, in _do_insert
    return manager._insert(
           ^^^^^^^^^^^^^^^^
  File "C:\django_projects\backend_ecommerce\env\Lib\site-packages\django\db\models\manager.py", line 87, in manager_method
    return getattr(self.get_queryset(), name)(*args, **kwargs)
           ^^^^^^^^^^^^^^^^^^^^^^^^^^^^^^^^^^^^^^^^^^^^^^^^^^^
  File "C:\django_projects\backend_ecommerce\env\Lib\site-packages\django\db\models\query.py", line 1854, in _insert
    return query.get_compiler(using=using).execute_sql(returning_fields)
           ^^^^^^^^^^^^^^^^^^^^^^^^^^^^^^^^^^^^^^^^^^^^^^^^^^^^^^^^^^^^^
  File "C:\django_projects\backend_ecommerce\env\Lib\site-packages\django\db\models\sql\compiler.py", line 1881, in execute_sql
    cursor.execute(sql, params)
  File "C:\django_projects\backend_ecommerce\env\Lib\site-packages\django\db\backends\utils.py", line 122, in execute
    return super().execute(sql, params)
           ^^^^^^^^^^^^^^^^^^^^^^^^^^^^
  File "C:\django_projects\backend_ecommerce\env\Lib\site-packages\django\db\backends\utils.py", line 79, in execute
    return self._execute_with_wrappers(
           ^^^^^^^^^^^^^^^^^^^^^^^^^^^^
  File "C:\django_projects\backend_ecommerce\env\Lib\site-packages\django\db\backends\utils.py", line 92, in _execute_with_wrappers
    return executor(sql, params, many, context)
           ^^^^^^^^^^^^^^^^^^^^^^^^^^^^^^^^^^^^
  File "C:\django_projects\backend_ecommerce\env\Lib\site-packages\django\db\backends\utils.py", line 100, in _execute
    with self.db.wrap_database_errors:
  File "C:\django_projects\backend_ecommerce\env\Lib\site-packages\django\db\utils.py", line 91, in __exit__
    raise dj_exc_value.with_traceback(traceback) from exc_value
  File "C:\django_projects\backend_ecommerce\env\Lib\site-packages\django\db\backends\utils.py", line 105, in _execute
    return self.cursor.execute(sql, params)
           ^^^^^^^^^^^^^^^^^^^^^^^^^^^^^^^^
django.db.utils.IntegrityError: null value in column "image" of relation "products_productimage" violates not-null constraint
DETAIL:  Failing row contains (4, 2025-04-13 17:13:17.784488+00, 2025-04-13 17:13:17.784488+00, null, 1, null).

ERROR 2025-04-14 00:13:22,299 log Internal Server Error: /api/v1/product/laptop/images/
INFO 2025-04-14 00:13:57,877 autoreload C:\django_projects\backend_ecommerce\products\serializers.py changed, reloading.
INFO 2025-04-14 00:13:57,896 autoreload C:\django_projects\backend_ecommerce\products\serializers.py changed, reloading.
INFO 2025-04-14 00:14:14,000 autoreload Watching for file changes with StatReloader
INFO 2025-04-14 00:14:14,000 autoreload Watching for file changes with StatReloader
INFO 2025-04-14 00:15:19,239 autoreload C:\django_projects\backend_ecommerce\products\serializers.py changed, reloading.
INFO 2025-04-14 00:15:19,335 autoreload C:\django_projects\backend_ecommerce\products\serializers.py changed, reloading.
INFO 2025-04-14 00:15:23,241 autoreload Watching for file changes with StatReloader
INFO 2025-04-14 00:15:23,242 autoreload Watching for file changes with StatReloader
INFO 2025-04-14 00:15:49,715 views Received request to upload image for product with slug: laptop
INFO 2025-04-14 00:15:50,827 views Product found: Laptop (slug: laptop)
INFO 2025-04-14 00:15:50,849 serializers Received data for ProductImageSerializer: <QueryDict: {'image': [<InMemoryUploadedFile: image1.jpg (image/jpeg)>]}>
INFO 2025-04-14 00:15:50,850 views Serializer is valid, proceeding to save image
INFO 2025-04-14 00:15:54,579 views Image saved successfully: {'id': 5, 'product': 1, 'image': 'image/upload/v1744564552/a5gr5gfrnstnyftnyedw.jpg', 'created_at': '2025-04-13T17:15:54.352689Z', 'updated_at': '2025-04-13T17:15:54.352689Z'}
WARNING 2025-04-14 00:20:00,548 log Forbidden (CSRF cookie not set.): /api/v1/products/
WARNING 2025-04-14 00:20:17,015 log Forbidden (CSRF cookie not set.): /api/v1/products/
WARNING 2025-04-14 00:20:20,860 log Forbidden (CSRF cookie not set.): /api/v1/products/
WARNING 2025-04-14 00:20:24,413 log Forbidden (CSRF cookie not set.): /api/v1/products/
WARNING 2025-04-14 00:25:39,222 log Forbidden (CSRF cookie not set.): /api/v1/products/
WARNING 2025-04-14 00:35:07,791 log Not Found: /api/v1/product/{     "name": "Smartphone",     "unit": "pcs",     "price": 599.99,     "discount": 10,     "amount": 50,     "is_public": true,     "thumbnail": "thumbnail_url",     "category": 1,     "slug": "smartphone" }/images/
INFO 2025-04-14 00:37:58,953 views Received request to upload image for product with slug: laptop
INFO 2025-04-14 00:37:59,147 views Product found: Laptop (slug: laptop)
INFO 2025-04-14 00:37:59,292 serializers Received data for ProductImageSerializer: {}
INFO 2025-04-14 00:37:59,348 views Serializer is valid, proceeding to save image
ERROR 2025-04-14 00:37:59,624 views Unexpected error while uploading image: null value in column "image" of relation "products_productimage" violates not-null constraint
DETAIL:  Failing row contains (6, 2025-04-13 17:37:59.350942+00, 2025-04-13 17:37:59.350942+00, null, 1, null).
Traceback (most recent call last):
  File "C:\django_projects\backend_ecommerce\env\Lib\site-packages\django\db\backends\utils.py", line 105, in _execute
    return self.cursor.execute(sql, params)
           ^^^^^^^^^^^^^^^^^^^^^^^^^^^^^^^^
psycopg2.errors.NotNullViolation: null value in column "image" of relation "products_productimage" violates not-null constraint
DETAIL:  Failing row contains (6, 2025-04-13 17:37:59.350942+00, 2025-04-13 17:37:59.350942+00, null, 1, null).


The above exception was the direct cause of the following exception:

Traceback (most recent call last):
  File "C:\django_projects\backend_ecommerce\products\views.py", line 136, in post
    serializer.save(product=product)  # Gán product vào serializer
    ^^^^^^^^^^^^^^^^^^^^^^^^^^^^^^^^
  File "C:\django_projects\backend_ecommerce\env\Lib\site-packages\rest_framework\serializers.py", line 210, in save
    self.instance = self.create(validated_data)
                    ^^^^^^^^^^^^^^^^^^^^^^^^^^^
  File "C:\django_projects\backend_ecommerce\env\Lib\site-packages\rest_framework\serializers.py", line 991, in create
    instance = ModelClass._default_manager.create(**validated_data)
               ^^^^^^^^^^^^^^^^^^^^^^^^^^^^^^^^^^^^^^^^^^^^^^^^^^^^
  File "C:\django_projects\backend_ecommerce\env\Lib\site-packages\django\db\models\manager.py", line 87, in manager_method
    return getattr(self.get_queryset(), name)(*args, **kwargs)
           ^^^^^^^^^^^^^^^^^^^^^^^^^^^^^^^^^^^^^^^^^^^^^^^^^^^
  File "C:\django_projects\backend_ecommerce\env\Lib\site-packages\django\db\models\query.py", line 663, in create
    obj.save(force_insert=True, using=self.db)
  File "C:\django_projects\backend_ecommerce\env\Lib\site-packages\django\db\models\base.py", line 902, in save
    self.save_base(
  File "C:\django_projects\backend_ecommerce\env\Lib\site-packages\django\db\models\base.py", line 1008, in save_base
    updated = self._save_table(
              ^^^^^^^^^^^^^^^^^
  File "C:\django_projects\backend_ecommerce\env\Lib\site-packages\django\db\models\base.py", line 1169, in _save_table
    results = self._do_insert(
              ^^^^^^^^^^^^^^^^
  File "C:\django_projects\backend_ecommerce\env\Lib\site-packages\django\db\models\base.py", line 1210, in _do_insert
    return manager._insert(
           ^^^^^^^^^^^^^^^^
  File "C:\django_projects\backend_ecommerce\env\Lib\site-packages\django\db\models\manager.py", line 87, in manager_method
    return getattr(self.get_queryset(), name)(*args, **kwargs)
           ^^^^^^^^^^^^^^^^^^^^^^^^^^^^^^^^^^^^^^^^^^^^^^^^^^^
  File "C:\django_projects\backend_ecommerce\env\Lib\site-packages\django\db\models\query.py", line 1854, in _insert
    return query.get_compiler(using=using).execute_sql(returning_fields)
           ^^^^^^^^^^^^^^^^^^^^^^^^^^^^^^^^^^^^^^^^^^^^^^^^^^^^^^^^^^^^^
  File "C:\django_projects\backend_ecommerce\env\Lib\site-packages\django\db\models\sql\compiler.py", line 1881, in execute_sql
    cursor.execute(sql, params)
  File "C:\django_projects\backend_ecommerce\env\Lib\site-packages\django\db\backends\utils.py", line 122, in execute
    return super().execute(sql, params)
           ^^^^^^^^^^^^^^^^^^^^^^^^^^^^
  File "C:\django_projects\backend_ecommerce\env\Lib\site-packages\django\db\backends\utils.py", line 79, in execute
    return self._execute_with_wrappers(
           ^^^^^^^^^^^^^^^^^^^^^^^^^^^^
  File "C:\django_projects\backend_ecommerce\env\Lib\site-packages\django\db\backends\utils.py", line 92, in _execute_with_wrappers
    return executor(sql, params, many, context)
           ^^^^^^^^^^^^^^^^^^^^^^^^^^^^^^^^^^^^
  File "C:\django_projects\backend_ecommerce\env\Lib\site-packages\django\db\backends\utils.py", line 100, in _execute
    with self.db.wrap_database_errors:
  File "C:\django_projects\backend_ecommerce\env\Lib\site-packages\django\db\utils.py", line 91, in __exit__
    raise dj_exc_value.with_traceback(traceback) from exc_value
  File "C:\django_projects\backend_ecommerce\env\Lib\site-packages\django\db\backends\utils.py", line 105, in _execute
    return self.cursor.execute(sql, params)
           ^^^^^^^^^^^^^^^^^^^^^^^^^^^^^^^^
django.db.utils.IntegrityError: null value in column "image" of relation "products_productimage" violates not-null constraint
DETAIL:  Failing row contains (6, 2025-04-13 17:37:59.350942+00, 2025-04-13 17:37:59.350942+00, null, 1, null).

ERROR 2025-04-14 00:37:59,883 log Internal Server Error: /api/v1/product/laptop/images/
INFO 2025-04-14 00:42:31,610 views Received request to upload image for product with slug: laptop
INFO 2025-04-14 00:42:33,017 views Product found: Laptop (slug: laptop)
INFO 2025-04-14 00:42:33,261 serializers Received data for ProductImageSerializer: <QueryDict: {'image': [<InMemoryUploadedFile: image1.jpg (image/jpeg)>]}>
INFO 2025-04-14 00:42:33,290 views Serializer is valid, proceeding to save image
INFO 2025-04-14 00:42:37,422 views Image saved successfully: {'id': 7, 'product': 1, 'image': 'image/upload/v1744566155/u6of63atszsxjtyomata.jpg', 'created_at': '2025-04-13T17:42:37.215788Z', 'updated_at': '2025-04-13T17:42:37.215788Z'}
WARNING 2025-04-14 00:44:20,495 log Forbidden (CSRF cookie not set.): /api/v1/products/
WARNING 2025-04-14 00:44:40,230 log Forbidden (CSRF cookie not set.): /api/v1/products/
WARNING 2025-04-14 00:44:43,681 log Forbidden (CSRF cookie not set.): /api/v1/products/
INFO 2025-04-14 13:14:37,368 autoreload Watching for file changes with StatReloader
INFO 2025-04-14 13:16:55,172 autoreload Watching for file changes with StatReloader
WARNING 2025-04-14 13:17:33,067 log Not Found: /favicon.ico
WARNING 2025-04-14 13:18:15,194 log Forbidden (CSRF cookie not set.): /api/v1/products/
INFO 2025-04-14 13:20:30,705 autoreload C:\django_projects\backend_ecommerce\products\urls.py changed, reloading.
INFO 2025-04-14 13:20:45,193 autoreload Watching for file changes with StatReloader
INFO 2025-04-14 13:22:35,875 autoreload C:\django_projects\backend_ecommerce\products\views.py changed, reloading.
INFO 2025-04-14 13:22:38,526 autoreload Watching for file changes with StatReloader
INFO 2025-04-14 13:22:50,738 autoreload C:\django_projects\backend_ecommerce\products\views.py changed, reloading.
INFO 2025-04-14 13:22:53,978 autoreload Watching for file changes with StatReloader
INFO 2025-04-14 13:24:28,511 autoreload C:\django_projects\backend_ecommerce\backend_ecommerce\settings.py changed, reloading.
INFO 2025-04-14 13:24:31,146 autoreload Watching for file changes with StatReloader
INFO 2025-04-14 13:24:56,454 autoreload C:\django_projects\backend_ecommerce\backend_ecommerce\urls.py changed, reloading.
INFO 2025-04-14 13:24:58,504 autoreload Watching for file changes with StatReloader
INFO 2025-04-14 13:25:05,842 autoreload C:\django_projects\backend_ecommerce\backend_ecommerce\urls.py changed, reloading.
INFO 2025-04-14 13:25:08,070 autoreload Watching for file changes with StatReloader
INFO 2025-04-14 13:25:29,997 autoreload C:\django_projects\backend_ecommerce\products\urls.py changed, reloading.
INFO 2025-04-14 13:25:32,300 autoreload Watching for file changes with StatReloader
INFO 2025-04-14 13:25:48,271 autoreload C:\django_projects\backend_ecommerce\products\urls.py changed, reloading.
INFO 2025-04-14 13:25:49,991 autoreload Watching for file changes with StatReloader
INFO 2025-04-14 13:25:54,461 autoreload C:\django_projects\backend_ecommerce\products\urls.py changed, reloading.
INFO 2025-04-14 13:25:56,835 autoreload Watching for file changes with StatReloader
INFO 2025-04-14 13:26:02,359 autoreload C:\django_projects\backend_ecommerce\products\urls.py changed, reloading.
INFO 2025-04-14 13:26:04,447 autoreload Watching for file changes with StatReloader
INFO 2025-04-14 13:26:11,942 autoreload Watching for file changes with StatReloader
INFO 2025-04-14 13:28:39,103 autoreload C:\django_projects\backend_ecommerce\products\views.py changed, reloading.
INFO 2025-04-14 13:28:39,206 autoreload C:\django_projects\backend_ecommerce\products\views.py changed, reloading.
INFO 2025-04-14 13:28:44,121 autoreload Watching for file changes with StatReloader
INFO 2025-04-14 13:28:46,143 autoreload Watching for file changes with StatReloader
INFO 2025-04-14 13:29:13,352 autoreload C:\django_projects\backend_ecommerce\products\views.py changed, reloading.
INFO 2025-04-14 13:29:13,370 autoreload C:\django_projects\backend_ecommerce\products\views.py changed, reloading.
INFO 2025-04-14 13:29:16,615 autoreload Watching for file changes with StatReloader
INFO 2025-04-14 13:29:16,616 autoreload Watching for file changes with StatReloader
INFO 2025-04-14 13:32:09,874 autoreload Watching for file changes with StatReloader
INFO 2025-04-14 13:33:54,412 autoreload C:\django_projects\backend_ecommerce\products\views.py changed, reloading.
INFO 2025-04-14 13:33:54,421 autoreload C:\django_projects\backend_ecommerce\products\views.py changed, reloading.
INFO 2025-04-14 13:33:54,471 autoreload C:\django_projects\backend_ecommerce\products\views.py changed, reloading.
INFO 2025-04-14 13:33:58,107 autoreload Watching for file changes with StatReloader
INFO 2025-04-14 13:33:58,114 autoreload Watching for file changes with StatReloader
INFO 2025-04-14 13:33:58,206 autoreload Watching for file changes with StatReloader
INFO 2025-04-14 13:35:28,511 autoreload C:\django_projects\backend_ecommerce\products\views.py changed, reloading.
INFO 2025-04-14 13:35:28,671 autoreload C:\django_projects\backend_ecommerce\products\views.py changed, reloading.
INFO 2025-04-14 13:35:29,321 autoreload C:\django_projects\backend_ecommerce\products\views.py changed, reloading.
INFO 2025-04-14 13:35:32,978 autoreload Watching for file changes with StatReloader
INFO 2025-04-14 13:35:33,027 autoreload Watching for file changes with StatReloader
INFO 2025-04-14 13:35:33,143 autoreload Watching for file changes with StatReloader
INFO 2025-04-14 13:51:00,648 autoreload C:\django_projects\backend_ecommerce\products\views.py changed, reloading.
INFO 2025-04-14 13:51:00,623 autoreload C:\django_projects\backend_ecommerce\products\views.py changed, reloading.
INFO 2025-04-14 13:51:00,886 autoreload C:\django_projects\backend_ecommerce\products\views.py changed, reloading.
INFO 2025-04-14 13:51:03,689 autoreload Watching for file changes with StatReloader
INFO 2025-04-14 13:51:03,701 autoreload Watching for file changes with StatReloader
INFO 2025-04-14 13:51:03,821 autoreload Watching for file changes with StatReloader
INFO 2025-04-14 13:51:23,342 autoreload Watching for file changes with StatReloader
WARNING 2025-04-14 13:57:51,634 log Bad Request: /api/v1/category/
WARNING 2025-04-14 13:58:06,964 log Bad Request: /api/v1/category/
WARNING 2025-04-14 13:59:24,762 log Bad Request: /api/v1/category/
WARNING 2025-04-14 13:59:39,247 log Bad Request: /api/v1/category/
WARNING 2025-04-14 13:59:56,217 log Bad Request: /api/v1/category/
WARNING 2025-04-14 14:00:36,016 log Not Found: /api/v1/category
WARNING 2025-04-14 14:00:43,483 log Not Found: /api/v1/category
WARNING 2025-04-14 14:00:49,454 log Bad Request: /api/v1/category/
WARNING 2025-04-14 14:00:51,840 log Not Found: /api/v1/category
WARNING 2025-04-14 14:01:08,828 log Bad Request: /api/v1/order/
WARNING 2025-04-14 14:01:13,991 log Not Found: /api/v1/product/
INFO 2025-04-14 14:01:20,802 views Received request to upload image for product with slug: laptop
INFO 2025-04-14 14:01:21,162 views Product found: Laptop (slug: laptop)
INFO 2025-04-14 14:01:21,253 serializers Received data for ProductImageSerializer: <QueryDict: {'image': [<InMemoryUploadedFile: image1.jpg (image/jpeg)>]}>
INFO 2025-04-14 14:01:21,254 views Serializer is valid, proceeding to save image
INFO 2025-04-14 14:01:24,413 views Image saved successfully: {'id': 8, 'product': 1, 'image': 'image/upload/v1744614083/srzj6uj2rujq5sr6doep.jpg', 'created_at': '2025-04-14T07:01:24.238812Z', 'updated_at': '2025-04-14T07:01:24.238812Z'}
WARNING 2025-04-14 14:01:28,537 log Bad Request: /api/v1/products/
WARNING 2025-04-14 14:10:26,841 log Bad Request: /api/v1/category/
WARNING 2025-04-14 14:11:19,358 log Bad Request: /api/v1/category/
WARNING 2025-04-14 14:13:27,479 log Bad Request: /api/v1/category/
WARNING 2025-04-14 14:15:02,764 log Bad Request: /api/v1/product/smartphone/comments/
WARNING 2025-04-14 14:15:33,307 log Bad Request: /api/v1/product/smartphone/comments/
INFO 2025-04-14 14:17:05,401 autoreload C:\django_projects\backend_ecommerce\products\serializers.py changed, reloading.
INFO 2025-04-14 14:17:08,658 autoreload C:\django_projects\backend_ecommerce\products\serializers.py changed, reloading.
INFO 2025-04-14 14:17:09,098 autoreload C:\django_projects\backend_ecommerce\products\serializers.py changed, reloading.
INFO 2025-04-14 14:17:09,025 autoreload C:\django_projects\backend_ecommerce\products\serializers.py changed, reloading.
INFO 2025-04-14 14:17:55,416 autoreload Watching for file changes with StatReloader
INFO 2025-04-14 14:17:55,416 autoreload Watching for file changes with StatReloader
INFO 2025-04-14 14:17:55,416 autoreload Watching for file changes with StatReloader
INFO 2025-04-14 14:18:00,806 autoreload Watching for file changes with StatReloader
INFO 2025-04-14 14:18:39,641 autoreload C:\django_projects\backend_ecommerce\products\views.py changed, reloading.
INFO 2025-04-14 14:18:39,774 autoreload C:\django_projects\backend_ecommerce\products\views.py changed, reloading.
INFO 2025-04-14 14:18:39,754 autoreload C:\django_projects\backend_ecommerce\products\views.py changed, reloading.
INFO 2025-04-14 14:18:39,955 autoreload C:\django_projects\backend_ecommerce\products\views.py changed, reloading.
INFO 2025-04-14 14:18:46,224 autoreload Watching for file changes with StatReloader
INFO 2025-04-14 14:18:46,272 autoreload Watching for file changes with StatReloader
INFO 2025-04-14 14:18:46,256 autoreload Watching for file changes with StatReloader
INFO 2025-04-14 14:18:46,728 autoreload Watching for file changes with StatReloader
INFO 2025-04-14 14:23:17,690 autoreload C:\django_projects\backend_ecommerce\backend_ecommerce\settings.py changed, reloading.
INFO 2025-04-14 14:23:18,014 autoreload C:\django_projects\backend_ecommerce\backend_ecommerce\settings.py changed, reloading.
INFO 2025-04-14 14:23:18,196 autoreload C:\django_projects\backend_ecommerce\backend_ecommerce\settings.py changed, reloading.
INFO 2025-04-14 14:23:18,204 autoreload C:\django_projects\backend_ecommerce\backend_ecommerce\settings.py changed, reloading.
INFO 2025-04-14 14:23:28,367 autoreload Watching for file changes with StatReloader
INFO 2025-04-14 14:23:28,373 autoreload Watching for file changes with StatReloader
INFO 2025-04-14 14:23:28,394 autoreload Watching for file changes with StatReloader
INFO 2025-04-14 14:23:29,116 autoreload Watching for file changes with StatReloader
ERROR 2025-04-14 14:26:58,392 log Internal Server Error: /api/v1/product/smartphone/comments/
Traceback (most recent call last):
  File "C:\django_projects\backend_ecommerce\env\Lib\site-packages\django\db\backends\utils.py", line 105, in _execute
    return self.cursor.execute(sql, params)
           ^^^^^^^^^^^^^^^^^^^^^^^^^^^^^^^^
psycopg2.errors.NotNullViolation: null value in column "user_id" of relation "products_productcomment" violates not-null constraint
DETAIL:  Failing row contains (1, 5, Great product!, 2025-04-14 07:26:44.362097+00, 2025-04-14 07:26:44.362097+00, null, null, 4, null).


The above exception was the direct cause of the following exception:

Traceback (most recent call last):
  File "C:\django_projects\backend_ecommerce\env\Lib\site-packages\django\core\handlers\exception.py", line 55, in inner
    response = get_response(request)
               ^^^^^^^^^^^^^^^^^^^^^
  File "C:\django_projects\backend_ecommerce\env\Lib\site-packages\django\core\handlers\base.py", line 197, in _get_response
    response = wrapped_callback(request, *callback_args, **callback_kwargs)
               ^^^^^^^^^^^^^^^^^^^^^^^^^^^^^^^^^^^^^^^^^^^^^^^^^^^^^^^^^^^^
  File "C:\django_projects\backend_ecommerce\env\Lib\site-packages\django\views\decorators\csrf.py", line 65, in _view_wrapper
    return view_func(request, *args, **kwargs)
           ^^^^^^^^^^^^^^^^^^^^^^^^^^^^^^^^^^^
  File "C:\django_projects\backend_ecommerce\env\Lib\site-packages\django\views\generic\base.py", line 104, in view
    return self.dispatch(request, *args, **kwargs)
           ^^^^^^^^^^^^^^^^^^^^^^^^^^^^^^^^^^^^^^^
  File "C:\django_projects\backend_ecommerce\env\Lib\site-packages\rest_framework\views.py", line 515, in dispatch
    response = self.handle_exception(exc)
               ^^^^^^^^^^^^^^^^^^^^^^^^^^
  File "C:\django_projects\backend_ecommerce\env\Lib\site-packages\rest_framework\views.py", line 475, in handle_exception
    self.raise_uncaught_exception(exc)
  File "C:\django_projects\backend_ecommerce\env\Lib\site-packages\rest_framework\views.py", line 486, in raise_uncaught_exception
    raise exc
  File "C:\django_projects\backend_ecommerce\env\Lib\site-packages\rest_framework\views.py", line 512, in dispatch
    response = handler(request, *args, **kwargs)
               ^^^^^^^^^^^^^^^^^^^^^^^^^^^^^^^^^
  File "C:\django_projects\backend_ecommerce\products\views.py", line 155, in post
    serializer.save(product=product)
  File "C:\django_projects\backend_ecommerce\env\Lib\site-packages\rest_framework\serializers.py", line 210, in save
    self.instance = self.create(validated_data)
                    ^^^^^^^^^^^^^^^^^^^^^^^^^^^
  File "C:\django_projects\backend_ecommerce\env\Lib\site-packages\rest_framework\serializers.py", line 991, in create
    instance = ModelClass._default_manager.create(**validated_data)
               ^^^^^^^^^^^^^^^^^^^^^^^^^^^^^^^^^^^^^^^^^^^^^^^^^^^^
  File "C:\django_projects\backend_ecommerce\env\Lib\site-packages\django\db\models\manager.py", line 87, in manager_method
    return getattr(self.get_queryset(), name)(*args, **kwargs)
           ^^^^^^^^^^^^^^^^^^^^^^^^^^^^^^^^^^^^^^^^^^^^^^^^^^^
  File "C:\django_projects\backend_ecommerce\env\Lib\site-packages\django\db\models\query.py", line 663, in create
    obj.save(force_insert=True, using=self.db)
  File "C:\django_projects\backend_ecommerce\env\Lib\site-packages\django\db\models\base.py", line 902, in save
    self.save_base(
  File "C:\django_projects\backend_ecommerce\env\Lib\site-packages\django\db\models\base.py", line 1008, in save_base
    updated = self._save_table(
              ^^^^^^^^^^^^^^^^^
  File "C:\django_projects\backend_ecommerce\env\Lib\site-packages\django\db\models\base.py", line 1169, in _save_table
    results = self._do_insert(
              ^^^^^^^^^^^^^^^^
  File "C:\django_projects\backend_ecommerce\env\Lib\site-packages\django\db\models\base.py", line 1210, in _do_insert
    return manager._insert(
           ^^^^^^^^^^^^^^^^
  File "C:\django_projects\backend_ecommerce\env\Lib\site-packages\django\db\models\manager.py", line 87, in manager_method
    return getattr(self.get_queryset(), name)(*args, **kwargs)
           ^^^^^^^^^^^^^^^^^^^^^^^^^^^^^^^^^^^^^^^^^^^^^^^^^^^
  File "C:\django_projects\backend_ecommerce\env\Lib\site-packages\django\db\models\query.py", line 1854, in _insert
    return query.get_compiler(using=using).execute_sql(returning_fields)
           ^^^^^^^^^^^^^^^^^^^^^^^^^^^^^^^^^^^^^^^^^^^^^^^^^^^^^^^^^^^^^
  File "C:\django_projects\backend_ecommerce\env\Lib\site-packages\django\db\models\sql\compiler.py", line 1881, in execute_sql
    cursor.execute(sql, params)
  File "C:\django_projects\backend_ecommerce\env\Lib\site-packages\django\db\backends\utils.py", line 122, in execute
    return super().execute(sql, params)
           ^^^^^^^^^^^^^^^^^^^^^^^^^^^^
  File "C:\django_projects\backend_ecommerce\env\Lib\site-packages\django\db\backends\utils.py", line 79, in execute
    return self._execute_with_wrappers(
           ^^^^^^^^^^^^^^^^^^^^^^^^^^^^
  File "C:\django_projects\backend_ecommerce\env\Lib\site-packages\django\db\backends\utils.py", line 92, in _execute_with_wrappers
    return executor(sql, params, many, context)
           ^^^^^^^^^^^^^^^^^^^^^^^^^^^^^^^^^^^^
  File "C:\django_projects\backend_ecommerce\env\Lib\site-packages\django\db\backends\utils.py", line 100, in _execute
    with self.db.wrap_database_errors:
  File "C:\django_projects\backend_ecommerce\env\Lib\site-packages\django\db\utils.py", line 91, in __exit__
    raise dj_exc_value.with_traceback(traceback) from exc_value
  File "C:\django_projects\backend_ecommerce\env\Lib\site-packages\django\db\backends\utils.py", line 105, in _execute
    return self.cursor.execute(sql, params)
           ^^^^^^^^^^^^^^^^^^^^^^^^^^^^^^^^
django.db.utils.IntegrityError: null value in column "user_id" of relation "products_productcomment" violates not-null constraint
DETAIL:  Failing row contains (1, 5, Great product!, 2025-04-14 07:26:44.362097+00, 2025-04-14 07:26:44.362097+00, null, null, 4, null).

INFO 2025-04-14 14:37:43,869 autoreload C:\django_projects\backend_ecommerce\products\views.py changed, reloading.
INFO 2025-04-14 14:37:57,826 autoreload Watching for file changes with StatReloader
INFO 2025-04-14 14:38:21,383 autoreload C:\django_projects\backend_ecommerce\products\views.py changed, reloading.
INFO 2025-04-14 14:38:24,855 autoreload Watching for file changes with StatReloader
INFO 2025-04-14 14:39:13,738 autoreload C:\django_projects\backend_ecommerce\products\urls.py changed, reloading.
INFO 2025-04-14 14:39:15,737 autoreload Watching for file changes with StatReloader
INFO 2025-04-14 14:40:15,211 autoreload C:\django_projects\backend_ecommerce\backend_ecommerce\urls.py changed, reloading.
INFO 2025-04-14 14:40:17,681 autoreload Watching for file changes with StatReloader
INFO 2025-04-14 14:40:30,039 autoreload Watching for file changes with StatReloader
INFO 2025-04-14 14:41:42,724 autoreload C:\django_projects\backend_ecommerce\backend_ecommerce\urls.py changed, reloading.
INFO 2025-04-14 14:41:42,735 autoreload C:\django_projects\backend_ecommerce\backend_ecommerce\urls.py changed, reloading.
INFO 2025-04-14 14:41:45,394 autoreload Watching for file changes with StatReloader
INFO 2025-04-14 14:41:45,771 autoreload Watching for file changes with StatReloader
INFO 2025-04-14 14:43:25,655 autoreload C:\django_projects\backend_ecommerce\products\views.py changed, reloading.
INFO 2025-04-14 14:43:25,659 autoreload C:\django_projects\backend_ecommerce\products\views.py changed, reloading.
INFO 2025-04-14 14:43:28,937 autoreload Watching for file changes with StatReloader
INFO 2025-04-14 14:43:28,940 autoreload Watching for file changes with StatReloader
INFO 2025-04-14 14:47:30,765 autoreload C:\django_projects\backend_ecommerce\backend_ecommerce\settings.py changed, reloading.
INFO 2025-04-14 14:47:30,811 autoreload C:\django_projects\backend_ecommerce\backend_ecommerce\settings.py changed, reloading.
INFO 2025-04-14 14:47:33,670 autoreload Watching for file changes with StatReloader
INFO 2025-04-14 14:47:33,690 autoreload Watching for file changes with StatReloader
INFO 2025-04-14 14:47:43,343 autoreload C:\django_projects\backend_ecommerce\backend_ecommerce\settings.py changed, reloading.
INFO 2025-04-14 14:47:43,554 autoreload C:\django_projects\backend_ecommerce\backend_ecommerce\settings.py changed, reloading.
INFO 2025-04-14 14:47:45,721 autoreload Watching for file changes with StatReloader
INFO 2025-04-14 14:47:45,825 autoreload Watching for file changes with StatReloader
INFO 2025-04-14 14:53:37,513 autoreload Watching for file changes with StatReloader
WARNING 2025-04-14 14:53:52,399 base Method Not Allowed (GET): /accounts/logout/
WARNING 2025-04-14 14:53:52,401 log Method Not Allowed: /accounts/logout/
INFO 2025-04-14 14:58:05,305 autoreload C:\django_projects\backend_ecommerce\products\models.py changed, reloading.
INFO 2025-04-14 14:58:05,293 autoreload C:\django_projects\backend_ecommerce\products\models.py changed, reloading.
INFO 2025-04-14 14:58:05,368 autoreload C:\django_projects\backend_ecommerce\products\models.py changed, reloading.
INFO 2025-04-14 14:58:18,942 autoreload Watching for file changes with StatReloader
INFO 2025-04-14 14:58:19,965 autoreload Watching for file changes with StatReloader
INFO 2025-04-14 14:59:49,553 autoreload C:\django_projects\backend_ecommerce\products\views.py changed, reloading.
INFO 2025-04-14 14:59:49,616 autoreload C:\django_projects\backend_ecommerce\products\views.py changed, reloading.
INFO 2025-04-14 14:59:52,488 autoreload Watching for file changes with StatReloader
INFO 2025-04-14 14:59:52,504 autoreload Watching for file changes with StatReloader
INFO 2025-04-14 15:01:27,628 autoreload C:\django_projects\backend_ecommerce\products\urls.py changed, reloading.
INFO 2025-04-14 15:01:27,650 autoreload C:\django_projects\backend_ecommerce\products\urls.py changed, reloading.
INFO 2025-04-14 15:01:31,238 autoreload Watching for file changes with StatReloader
INFO 2025-04-14 15:01:31,246 autoreload Watching for file changes with StatReloader
INFO 2025-04-14 15:04:09,568 autoreload C:\django_projects\backend_ecommerce\products\urls.py changed, reloading.
INFO 2025-04-14 15:04:09,763 autoreload C:\django_projects\backend_ecommerce\products\urls.py changed, reloading.
INFO 2025-04-14 15:04:13,144 autoreload Watching for file changes with StatReloader
INFO 2025-04-14 15:04:13,176 autoreload Watching for file changes with StatReloader
INFO 2025-04-14 15:04:40,239 autoreload C:\django_projects\backend_ecommerce\products\models.py changed, reloading.
INFO 2025-04-14 15:04:40,297 autoreload C:\django_projects\backend_ecommerce\products\models.py changed, reloading.
INFO 2025-04-14 15:04:42,626 autoreload Watching for file changes with StatReloader
INFO 2025-04-14 15:04:42,637 autoreload Watching for file changes with StatReloader
INFO 2025-04-14 15:08:04,200 autoreload C:\django_projects\backend_ecommerce\products\urls.py changed, reloading.
INFO 2025-04-14 15:08:04,240 autoreload C:\django_projects\backend_ecommerce\products\urls.py changed, reloading.
INFO 2025-04-14 15:08:06,743 autoreload Watching for file changes with StatReloader
INFO 2025-04-14 15:08:06,761 autoreload Watching for file changes with StatReloader
INFO 2025-04-14 15:21:31,436 autoreload C:\django_projects\backend_ecommerce\products\views.py changed, reloading.
INFO 2025-04-14 15:21:31,699 autoreload C:\django_projects\backend_ecommerce\products\views.py changed, reloading.
INFO 2025-04-14 15:21:34,906 autoreload Watching for file changes with StatReloader
INFO 2025-04-14 15:21:34,906 autoreload Watching for file changes with StatReloader
INFO 2025-04-14 15:22:51,035 autoreload Watching for file changes with StatReloader
ERROR 2025-04-14 15:23:33,864 log Internal Server Error: /api/v1/products/
Traceback (most recent call last):
  File "C:\django_projects\backend_ecommerce\env\Lib\site-packages\django\core\handlers\exception.py", line 55, in inner
    response = get_response(request)
               ^^^^^^^^^^^^^^^^^^^^^
  File "C:\django_projects\backend_ecommerce\env\Lib\site-packages\django\core\handlers\base.py", line 220, in _get_response
    response = response.render()
               ^^^^^^^^^^^^^^^^^
  File "C:\django_projects\backend_ecommerce\env\Lib\site-packages\django\template\response.py", line 114, in render
    self.content = self.rendered_content
                   ^^^^^^^^^^^^^^^^^^^^^
  File "C:\django_projects\backend_ecommerce\env\Lib\site-packages\rest_framework\response.py", line 74, in rendered_content
    ret = renderer.render(self.data, accepted_media_type, context)
          ^^^^^^^^^^^^^^^^^^^^^^^^^^^^^^^^^^^^^^^^^^^^^^^^^^^^^^^^
  File "C:\django_projects\backend_ecommerce\env\Lib\site-packages\rest_framework\renderers.py", line 730, in render
    template = loader.get_template(self.template)
               ^^^^^^^^^^^^^^^^^^^^^^^^^^^^^^^^^^
  File "C:\django_projects\backend_ecommerce\env\Lib\site-packages\django\template\loader.py", line 19, in get_template
    raise TemplateDoesNotExist(template_name, chain=chain)
django.template.exceptions.TemplateDoesNotExist: rest_framework/api.html
INFO 2025-04-14 15:33:23,877 autoreload Watching for file changes with StatReloader
ERROR 2025-04-14 15:33:31,717 log Internal Server Error: /
Traceback (most recent call last):
  File "C:\django_projects\backend_ecommerce\env\Lib\site-packages\django\template\base.py", line 510, in parse
    compile_func = self.tags[command]
                   ~~~~~~~~~^^^^^^^^^
KeyError: 'static'

During handling of the above exception, another exception occurred:

Traceback (most recent call last):
  File "C:\django_projects\backend_ecommerce\env\Lib\site-packages\django\core\handlers\exception.py", line 55, in inner
    response = get_response(request)
               ^^^^^^^^^^^^^^^^^^^^^
  File "C:\django_projects\backend_ecommerce\env\Lib\site-packages\django\core\handlers\base.py", line 197, in _get_response
    response = wrapped_callback(request, *callback_args, **callback_kwargs)
               ^^^^^^^^^^^^^^^^^^^^^^^^^^^^^^^^^^^^^^^^^^^^^^^^^^^^^^^^^^^^
  File "C:\django_projects\backend_ecommerce\products\views.py", line 290, in home
    return render(request, 'home.html')
           ^^^^^^^^^^^^^^^^^^^^^^^^^^^^
  File "C:\django_projects\backend_ecommerce\env\Lib\site-packages\django\shortcuts.py", line 25, in render
    content = loader.render_to_string(template_name, context, request, using=using)
              ^^^^^^^^^^^^^^^^^^^^^^^^^^^^^^^^^^^^^^^^^^^^^^^^^^^^^^^^^^^^^^^^^^^^^
  File "C:\django_projects\backend_ecommerce\env\Lib\site-packages\django\template\loader.py", line 62, in render_to_string
    return template.render(context, request)
           ^^^^^^^^^^^^^^^^^^^^^^^^^^^^^^^^^
  File "C:\django_projects\backend_ecommerce\env\Lib\site-packages\django\template\backends\django.py", line 107, in render
    return self.template.render(context)
           ^^^^^^^^^^^^^^^^^^^^^^^^^^^^^
  File "C:\django_projects\backend_ecommerce\env\Lib\site-packages\django\template\base.py", line 171, in render
    return self._render(context)
           ^^^^^^^^^^^^^^^^^^^^^
  File "C:\django_projects\backend_ecommerce\env\Lib\site-packages\django\template\base.py", line 163, in _render
    return self.nodelist.render(context)
           ^^^^^^^^^^^^^^^^^^^^^^^^^^^^^
  File "C:\django_projects\backend_ecommerce\env\Lib\site-packages\django\template\base.py", line 1016, in render
    return SafeString("".join([node.render_annotated(context) for node in self]))
                              ^^^^^^^^^^^^^^^^^^^^^^^^^^^^^^^^^^^^^^^^^^^^^^^^^
  File "C:\django_projects\backend_ecommerce\env\Lib\site-packages\django\template\base.py", line 1016, in <listcomp>
    return SafeString("".join([node.render_annotated(context) for node in self]))
                               ^^^^^^^^^^^^^^^^^^^^^^^^^^^^^^
  File "C:\django_projects\backend_ecommerce\env\Lib\site-packages\django\template\base.py", line 977, in render_annotated
    return self.render(context)
           ^^^^^^^^^^^^^^^^^^^^
  File "C:\django_projects\backend_ecommerce\env\Lib\site-packages\django\template\loader_tags.py", line 134, in render
    compiled_parent = self.get_parent(context)
                      ^^^^^^^^^^^^^^^^^^^^^^^^
  File "C:\django_projects\backend_ecommerce\env\Lib\site-packages\django\template\loader_tags.py", line 131, in get_parent
    return self.find_template(parent, context)
           ^^^^^^^^^^^^^^^^^^^^^^^^^^^^^^^^^^^
  File "C:\django_projects\backend_ecommerce\env\Lib\site-packages\django\template\loader_tags.py", line 109, in find_template
    template, origin = context.template.engine.find_template(
                       ^^^^^^^^^^^^^^^^^^^^^^^^^^^^^^^^^^^^^^
  File "C:\django_projects\backend_ecommerce\env\Lib\site-packages\django\template\engine.py", line 159, in find_template
    template = loader.get_template(name, skip=skip)
               ^^^^^^^^^^^^^^^^^^^^^^^^^^^^^^^^^^^^
  File "C:\django_projects\backend_ecommerce\env\Lib\site-packages\django\template\loaders\cached.py", line 57, in get_template
    template = super().get_template(template_name, skip)
               ^^^^^^^^^^^^^^^^^^^^^^^^^^^^^^^^^^^^^^^^^
  File "C:\django_projects\backend_ecommerce\env\Lib\site-packages\django\template\loaders\base.py", line 28, in get_template
    return Template(
           ^^^^^^^^^
  File "C:\django_projects\backend_ecommerce\env\Lib\site-packages\django\template\base.py", line 154, in __init__
    self.nodelist = self.compile_nodelist()
                    ^^^^^^^^^^^^^^^^^^^^^^^
  File "C:\django_projects\backend_ecommerce\env\Lib\site-packages\django\template\base.py", line 196, in compile_nodelist
    nodelist = parser.parse()
               ^^^^^^^^^^^^^^
  File "C:\django_projects\backend_ecommerce\env\Lib\site-packages\django\template\base.py", line 512, in parse
    self.invalid_block_tag(token, command, parse_until)
  File "C:\django_projects\backend_ecommerce\env\Lib\site-packages\django\template\base.py", line 577, in invalid_block_tag
    raise self.error(
django.template.exceptions.TemplateSyntaxError: Invalid block tag on line 9: 'static'. Did you forget to register or load this tag?
INFO 2025-04-14 15:35:25,404 autoreload Watching for file changes with StatReloader
WARNING 2025-04-14 15:35:45,110 base Method Not Allowed (GET): /accounts/logout/
WARNING 2025-04-14 15:35:45,112 log Method Not Allowed: /accounts/logout/
ERROR 2025-04-14 15:35:55,779 log Internal Server Error: /api/v1/
Traceback (most recent call last):
  File "C:\django_projects\backend_ecommerce\env\Lib\site-packages\django\core\handlers\exception.py", line 55, in inner
    response = get_response(request)
               ^^^^^^^^^^^^^^^^^^^^^
  File "C:\django_projects\backend_ecommerce\env\Lib\site-packages\django\core\handlers\base.py", line 220, in _get_response
    response = response.render()
               ^^^^^^^^^^^^^^^^^
  File "C:\django_projects\backend_ecommerce\env\Lib\site-packages\django\template\response.py", line 114, in render
    self.content = self.rendered_content
                   ^^^^^^^^^^^^^^^^^^^^^
  File "C:\django_projects\backend_ecommerce\env\Lib\site-packages\rest_framework\response.py", line 74, in rendered_content
    ret = renderer.render(self.data, accepted_media_type, context)
          ^^^^^^^^^^^^^^^^^^^^^^^^^^^^^^^^^^^^^^^^^^^^^^^^^^^^^^^^
  File "C:\django_projects\backend_ecommerce\env\Lib\site-packages\rest_framework\renderers.py", line 730, in render
    template = loader.get_template(self.template)
               ^^^^^^^^^^^^^^^^^^^^^^^^^^^^^^^^^^
  File "C:\django_projects\backend_ecommerce\env\Lib\site-packages\django\template\loader.py", line 19, in get_template
    raise TemplateDoesNotExist(template_name, chain=chain)
django.template.exceptions.TemplateDoesNotExist: rest_framework/api.html
ERROR 2025-04-14 15:36:00,289 log Internal Server Error: /api/v1/
Traceback (most recent call last):
  File "C:\django_projects\backend_ecommerce\env\Lib\site-packages\django\core\handlers\exception.py", line 55, in inner
    response = get_response(request)
               ^^^^^^^^^^^^^^^^^^^^^
  File "C:\django_projects\backend_ecommerce\env\Lib\site-packages\django\core\handlers\base.py", line 220, in _get_response
    response = response.render()
               ^^^^^^^^^^^^^^^^^
  File "C:\django_projects\backend_ecommerce\env\Lib\site-packages\django\template\response.py", line 114, in render
    self.content = self.rendered_content
                   ^^^^^^^^^^^^^^^^^^^^^
  File "C:\django_projects\backend_ecommerce\env\Lib\site-packages\rest_framework\response.py", line 74, in rendered_content
    ret = renderer.render(self.data, accepted_media_type, context)
          ^^^^^^^^^^^^^^^^^^^^^^^^^^^^^^^^^^^^^^^^^^^^^^^^^^^^^^^^
  File "C:\django_projects\backend_ecommerce\env\Lib\site-packages\rest_framework\renderers.py", line 730, in render
    template = loader.get_template(self.template)
               ^^^^^^^^^^^^^^^^^^^^^^^^^^^^^^^^^^
  File "C:\django_projects\backend_ecommerce\env\Lib\site-packages\django\template\loader.py", line 19, in get_template
    raise TemplateDoesNotExist(template_name, chain=chain)
django.template.exceptions.TemplateDoesNotExist: rest_framework/api.html
INFO 2025-04-14 15:40:09,543 autoreload C:\django_projects\backend_ecommerce\backend_ecommerce\settings.py changed, reloading.
INFO 2025-04-14 15:40:10,242 autoreload C:\django_projects\backend_ecommerce\backend_ecommerce\settings.py changed, reloading.
INFO 2025-04-14 15:40:10,320 autoreload C:\django_projects\backend_ecommerce\backend_ecommerce\settings.py changed, reloading.
INFO 2025-04-14 15:40:10,974 autoreload C:\django_projects\backend_ecommerce\backend_ecommerce\settings.py changed, reloading.
INFO 2025-04-14 15:40:11,187 autoreload C:\django_projects\backend_ecommerce\backend_ecommerce\settings.py changed, reloading.
INFO 2025-04-14 15:40:24,682 autoreload Watching for file changes with StatReloader
INFO 2025-04-14 15:40:24,681 autoreload Watching for file changes with StatReloader
INFO 2025-04-14 15:40:25,768 autoreload Watching for file changes with StatReloader
INFO 2025-04-14 15:40:26,137 autoreload Watching for file changes with StatReloader
INFO 2025-04-14 15:40:27,078 autoreload Watching for file changes with StatReloader
INFO 2025-04-14 15:42:30,529 autoreload C:\django_projects\backend_ecommerce\backend_ecommerce\settings.py changed, reloading.
INFO 2025-04-14 15:42:30,640 autoreload C:\django_projects\backend_ecommerce\backend_ecommerce\settings.py changed, reloading.
INFO 2025-04-14 15:42:30,701 autoreload C:\django_projects\backend_ecommerce\backend_ecommerce\settings.py changed, reloading.
INFO 2025-04-14 15:42:30,708 autoreload C:\django_projects\backend_ecommerce\backend_ecommerce\settings.py changed, reloading.
INFO 2025-04-14 15:42:30,741 autoreload C:\django_projects\backend_ecommerce\backend_ecommerce\settings.py changed, reloading.
INFO 2025-04-14 15:42:35,564 autoreload Watching for file changes with StatReloader
INFO 2025-04-14 15:42:35,624 autoreload Watching for file changes with StatReloader
INFO 2025-04-14 15:42:35,656 autoreload Watching for file changes with StatReloader
INFO 2025-04-14 15:42:35,671 autoreload Watching for file changes with StatReloader
INFO 2025-04-14 15:42:35,766 autoreload Watching for file changes with StatReloader
INFO 2025-04-14 15:44:42,536 autoreload C:\django_projects\backend_ecommerce\products\views.py changed, reloading.
INFO 2025-04-14 15:44:42,569 autoreload C:\django_projects\backend_ecommerce\products\views.py changed, reloading.
INFO 2025-04-14 15:44:42,832 autoreload C:\django_projects\backend_ecommerce\products\views.py changed, reloading.
INFO 2025-04-14 15:44:42,805 autoreload C:\django_projects\backend_ecommerce\products\views.py changed, reloading.
INFO 2025-04-14 15:44:42,854 autoreload C:\django_projects\backend_ecommerce\products\views.py changed, reloading.
INFO 2025-04-14 15:44:48,656 autoreload Watching for file changes with StatReloader
INFO 2025-04-14 15:44:48,680 autoreload Watching for file changes with StatReloader
INFO 2025-04-14 15:44:48,824 autoreload Watching for file changes with StatReloader
INFO 2025-04-14 15:44:48,945 autoreload Watching for file changes with StatReloader
INFO 2025-04-14 15:44:51,116 autoreload Watching for file changes with StatReloader
INFO 2025-04-14 15:45:11,962 autoreload C:\django_projects\backend_ecommerce\products\urls.py changed, reloading.
INFO 2025-04-14 15:45:12,087 autoreload C:\django_projects\backend_ecommerce\products\urls.py changed, reloading.
INFO 2025-04-14 15:45:12,188 autoreload C:\django_projects\backend_ecommerce\products\urls.py changed, reloading.
INFO 2025-04-14 15:45:12,690 autoreload C:\django_projects\backend_ecommerce\products\urls.py changed, reloading.
INFO 2025-04-14 15:45:12,772 autoreload C:\django_projects\backend_ecommerce\products\urls.py changed, reloading.
INFO 2025-04-14 15:45:18,945 autoreload Watching for file changes with StatReloader
INFO 2025-04-14 15:45:18,982 autoreload Watching for file changes with StatReloader
INFO 2025-04-14 15:45:19,205 autoreload Watching for file changes with StatReloader
INFO 2025-04-14 15:45:19,196 autoreload Watching for file changes with StatReloader
INFO 2025-04-14 15:45:20,275 autoreload Watching for file changes with StatReloader
ERROR 2025-04-14 15:46:15,346 log Internal Server Error: /api/v1/cart/
Traceback (most recent call last):
  File "C:\django_projects\backend_ecommerce\env\Lib\site-packages\django\template\backends\django.py", line 107, in render
    return self.template.render(context)
           ^^^^^^^^^^^^^^^^^^^^^^^^^^^^^
  File "C:\django_projects\backend_ecommerce\env\Lib\site-packages\django\template\base.py", line 171, in render
    return self._render(context)
           ^^^^^^^^^^^^^^^^^^^^^
  File "C:\django_projects\backend_ecommerce\env\Lib\site-packages\django\template\base.py", line 163, in _render
    return self.nodelist.render(context)
           ^^^^^^^^^^^^^^^^^^^^^^^^^^^^^
  File "C:\django_projects\backend_ecommerce\env\Lib\site-packages\django\template\base.py", line 1016, in render
    return SafeString("".join([node.render_annotated(context) for node in self]))
                              ^^^^^^^^^^^^^^^^^^^^^^^^^^^^^^^^^^^^^^^^^^^^^^^^^
  File "C:\django_projects\backend_ecommerce\env\Lib\site-packages\django\template\base.py", line 1016, in <listcomp>
    return SafeString("".join([node.render_annotated(context) for node in self]))
                               ^^^^^^^^^^^^^^^^^^^^^^^^^^^^^^
  File "C:\django_projects\backend_ecommerce\env\Lib\site-packages\django\template\base.py", line 977, in render_annotated
    return self.render(context)
           ^^^^^^^^^^^^^^^^^^^^
  File "C:\django_projects\backend_ecommerce\env\Lib\site-packages\django\template\loader_tags.py", line 134, in render
    compiled_parent = self.get_parent(context)
                      ^^^^^^^^^^^^^^^^^^^^^^^^
  File "C:\django_projects\backend_ecommerce\env\Lib\site-packages\django\template\loader_tags.py", line 131, in get_parent
    return self.find_template(parent, context)
           ^^^^^^^^^^^^^^^^^^^^^^^^^^^^^^^^^^^
  File "C:\django_projects\backend_ecommerce\env\Lib\site-packages\django\template\loader_tags.py", line 109, in find_template
    template, origin = context.template.engine.find_template(
                       ^^^^^^^^^^^^^^^^^^^^^^^^^^^^^^^^^^^^^^
  File "C:\django_projects\backend_ecommerce\env\Lib\site-packages\django\template\engine.py", line 163, in find_template
    raise TemplateDoesNotExist(name, tried=tried)
django.template.exceptions.TemplateDoesNotExist: rest_framework/base.html

The above exception was the direct cause of the following exception:

Traceback (most recent call last):
  File "C:\django_projects\backend_ecommerce\env\Lib\site-packages\django\core\handlers\exception.py", line 55, in inner
    response = get_response(request)
               ^^^^^^^^^^^^^^^^^^^^^
  File "C:\django_projects\backend_ecommerce\env\Lib\site-packages\django\core\handlers\base.py", line 220, in _get_response
    response = response.render()
               ^^^^^^^^^^^^^^^^^
  File "C:\django_projects\backend_ecommerce\env\Lib\site-packages\django\template\response.py", line 114, in render
    self.content = self.rendered_content
                   ^^^^^^^^^^^^^^^^^^^^^
  File "C:\django_projects\backend_ecommerce\env\Lib\site-packages\rest_framework\response.py", line 74, in rendered_content
    ret = renderer.render(self.data, accepted_media_type, context)
          ^^^^^^^^^^^^^^^^^^^^^^^^^^^^^^^^^^^^^^^^^^^^^^^^^^^^^^^^
  File "C:\django_projects\backend_ecommerce\env\Lib\site-packages\rest_framework\renderers.py", line 732, in render
    ret = template.render(context, request=renderer_context['request'])
          ^^^^^^^^^^^^^^^^^^^^^^^^^^^^^^^^^^^^^^^^^^^^^^^^^^^^^^^^^^^^^
  File "C:\django_projects\backend_ecommerce\env\Lib\site-packages\django\template\backends\django.py", line 109, in render
    reraise(exc, self.backend)
  File "C:\django_projects\backend_ecommerce\env\Lib\site-packages\django\template\backends\django.py", line 130, in reraise
    raise new from exc
django.template.exceptions.TemplateDoesNotExist: rest_framework/base.html
ERROR 2025-04-14 15:46:24,089 log Internal Server Error: /api/v1/
Traceback (most recent call last):
  File "C:\django_projects\backend_ecommerce\env\Lib\site-packages\django\template\backends\django.py", line 107, in render
    return self.template.render(context)
           ^^^^^^^^^^^^^^^^^^^^^^^^^^^^^
  File "C:\django_projects\backend_ecommerce\env\Lib\site-packages\django\template\base.py", line 171, in render
    return self._render(context)
           ^^^^^^^^^^^^^^^^^^^^^
  File "C:\django_projects\backend_ecommerce\env\Lib\site-packages\django\template\base.py", line 163, in _render
    return self.nodelist.render(context)
           ^^^^^^^^^^^^^^^^^^^^^^^^^^^^^
  File "C:\django_projects\backend_ecommerce\env\Lib\site-packages\django\template\base.py", line 1016, in render
    return SafeString("".join([node.render_annotated(context) for node in self]))
                              ^^^^^^^^^^^^^^^^^^^^^^^^^^^^^^^^^^^^^^^^^^^^^^^^^
  File "C:\django_projects\backend_ecommerce\env\Lib\site-packages\django\template\base.py", line 1016, in <listcomp>
    return SafeString("".join([node.render_annotated(context) for node in self]))
                               ^^^^^^^^^^^^^^^^^^^^^^^^^^^^^^
  File "C:\django_projects\backend_ecommerce\env\Lib\site-packages\django\template\base.py", line 977, in render_annotated
    return self.render(context)
           ^^^^^^^^^^^^^^^^^^^^
  File "C:\django_projects\backend_ecommerce\env\Lib\site-packages\django\template\loader_tags.py", line 134, in render
    compiled_parent = self.get_parent(context)
                      ^^^^^^^^^^^^^^^^^^^^^^^^
  File "C:\django_projects\backend_ecommerce\env\Lib\site-packages\django\template\loader_tags.py", line 131, in get_parent
    return self.find_template(parent, context)
           ^^^^^^^^^^^^^^^^^^^^^^^^^^^^^^^^^^^
  File "C:\django_projects\backend_ecommerce\env\Lib\site-packages\django\template\loader_tags.py", line 109, in find_template
    template, origin = context.template.engine.find_template(
                       ^^^^^^^^^^^^^^^^^^^^^^^^^^^^^^^^^^^^^^
  File "C:\django_projects\backend_ecommerce\env\Lib\site-packages\django\template\engine.py", line 163, in find_template
    raise TemplateDoesNotExist(name, tried=tried)
django.template.exceptions.TemplateDoesNotExist: rest_framework/base.html

The above exception was the direct cause of the following exception:

Traceback (most recent call last):
  File "C:\django_projects\backend_ecommerce\env\Lib\site-packages\django\core\handlers\exception.py", line 55, in inner
    response = get_response(request)
               ^^^^^^^^^^^^^^^^^^^^^
  File "C:\django_projects\backend_ecommerce\env\Lib\site-packages\django\core\handlers\base.py", line 220, in _get_response
    response = response.render()
               ^^^^^^^^^^^^^^^^^
  File "C:\django_projects\backend_ecommerce\env\Lib\site-packages\django\template\response.py", line 114, in render
    self.content = self.rendered_content
                   ^^^^^^^^^^^^^^^^^^^^^
  File "C:\django_projects\backend_ecommerce\env\Lib\site-packages\rest_framework\response.py", line 74, in rendered_content
    ret = renderer.render(self.data, accepted_media_type, context)
          ^^^^^^^^^^^^^^^^^^^^^^^^^^^^^^^^^^^^^^^^^^^^^^^^^^^^^^^^
  File "C:\django_projects\backend_ecommerce\env\Lib\site-packages\rest_framework\renderers.py", line 732, in render
    ret = template.render(context, request=renderer_context['request'])
          ^^^^^^^^^^^^^^^^^^^^^^^^^^^^^^^^^^^^^^^^^^^^^^^^^^^^^^^^^^^^^
  File "C:\django_projects\backend_ecommerce\env\Lib\site-packages\django\template\backends\django.py", line 109, in render
    reraise(exc, self.backend)
  File "C:\django_projects\backend_ecommerce\env\Lib\site-packages\django\template\backends\django.py", line 130, in reraise
    raise new from exc
django.template.exceptions.TemplateDoesNotExist: rest_framework/base.html
ERROR 2025-04-14 15:46:31,131 log Internal Server Error: /api/v1/
Traceback (most recent call last):
  File "C:\django_projects\backend_ecommerce\env\Lib\site-packages\django\template\backends\django.py", line 107, in render
    return self.template.render(context)
           ^^^^^^^^^^^^^^^^^^^^^^^^^^^^^
  File "C:\django_projects\backend_ecommerce\env\Lib\site-packages\django\template\base.py", line 171, in render
    return self._render(context)
           ^^^^^^^^^^^^^^^^^^^^^
  File "C:\django_projects\backend_ecommerce\env\Lib\site-packages\django\template\base.py", line 163, in _render
    return self.nodelist.render(context)
           ^^^^^^^^^^^^^^^^^^^^^^^^^^^^^
  File "C:\django_projects\backend_ecommerce\env\Lib\site-packages\django\template\base.py", line 1016, in render
    return SafeString("".join([node.render_annotated(context) for node in self]))
                              ^^^^^^^^^^^^^^^^^^^^^^^^^^^^^^^^^^^^^^^^^^^^^^^^^
  File "C:\django_projects\backend_ecommerce\env\Lib\site-packages\django\template\base.py", line 1016, in <listcomp>
    return SafeString("".join([node.render_annotated(context) for node in self]))
                               ^^^^^^^^^^^^^^^^^^^^^^^^^^^^^^
  File "C:\django_projects\backend_ecommerce\env\Lib\site-packages\django\template\base.py", line 977, in render_annotated
    return self.render(context)
           ^^^^^^^^^^^^^^^^^^^^
  File "C:\django_projects\backend_ecommerce\env\Lib\site-packages\django\template\loader_tags.py", line 134, in render
    compiled_parent = self.get_parent(context)
                      ^^^^^^^^^^^^^^^^^^^^^^^^
  File "C:\django_projects\backend_ecommerce\env\Lib\site-packages\django\template\loader_tags.py", line 131, in get_parent
    return self.find_template(parent, context)
           ^^^^^^^^^^^^^^^^^^^^^^^^^^^^^^^^^^^
  File "C:\django_projects\backend_ecommerce\env\Lib\site-packages\django\template\loader_tags.py", line 109, in find_template
    template, origin = context.template.engine.find_template(
                       ^^^^^^^^^^^^^^^^^^^^^^^^^^^^^^^^^^^^^^
  File "C:\django_projects\backend_ecommerce\env\Lib\site-packages\django\template\engine.py", line 163, in find_template
    raise TemplateDoesNotExist(name, tried=tried)
django.template.exceptions.TemplateDoesNotExist: rest_framework/base.html

The above exception was the direct cause of the following exception:

Traceback (most recent call last):
  File "C:\django_projects\backend_ecommerce\env\Lib\site-packages\django\core\handlers\exception.py", line 55, in inner
    response = get_response(request)
               ^^^^^^^^^^^^^^^^^^^^^
  File "C:\django_projects\backend_ecommerce\env\Lib\site-packages\django\core\handlers\base.py", line 220, in _get_response
    response = response.render()
               ^^^^^^^^^^^^^^^^^
  File "C:\django_projects\backend_ecommerce\env\Lib\site-packages\django\template\response.py", line 114, in render
    self.content = self.rendered_content
                   ^^^^^^^^^^^^^^^^^^^^^
  File "C:\django_projects\backend_ecommerce\env\Lib\site-packages\rest_framework\response.py", line 74, in rendered_content
    ret = renderer.render(self.data, accepted_media_type, context)
          ^^^^^^^^^^^^^^^^^^^^^^^^^^^^^^^^^^^^^^^^^^^^^^^^^^^^^^^^
  File "C:\django_projects\backend_ecommerce\env\Lib\site-packages\rest_framework\renderers.py", line 732, in render
    ret = template.render(context, request=renderer_context['request'])
          ^^^^^^^^^^^^^^^^^^^^^^^^^^^^^^^^^^^^^^^^^^^^^^^^^^^^^^^^^^^^^
  File "C:\django_projects\backend_ecommerce\env\Lib\site-packages\django\template\backends\django.py", line 109, in render
    reraise(exc, self.backend)
  File "C:\django_projects\backend_ecommerce\env\Lib\site-packages\django\template\backends\django.py", line 130, in reraise
    raise new from exc
django.template.exceptions.TemplateDoesNotExist: rest_framework/base.html
ERROR 2025-04-14 15:47:14,778 log Internal Server Error: /api/v1/cart/
Traceback (most recent call last):
  File "C:\django_projects\backend_ecommerce\env\Lib\site-packages\django\template\backends\django.py", line 107, in render
    return self.template.render(context)
           ^^^^^^^^^^^^^^^^^^^^^^^^^^^^^
  File "C:\django_projects\backend_ecommerce\env\Lib\site-packages\django\template\base.py", line 171, in render
    return self._render(context)
           ^^^^^^^^^^^^^^^^^^^^^
  File "C:\django_projects\backend_ecommerce\env\Lib\site-packages\django\template\base.py", line 163, in _render
    return self.nodelist.render(context)
           ^^^^^^^^^^^^^^^^^^^^^^^^^^^^^
  File "C:\django_projects\backend_ecommerce\env\Lib\site-packages\django\template\base.py", line 1016, in render
    return SafeString("".join([node.render_annotated(context) for node in self]))
                              ^^^^^^^^^^^^^^^^^^^^^^^^^^^^^^^^^^^^^^^^^^^^^^^^^
  File "C:\django_projects\backend_ecommerce\env\Lib\site-packages\django\template\base.py", line 1016, in <listcomp>
    return SafeString("".join([node.render_annotated(context) for node in self]))
                               ^^^^^^^^^^^^^^^^^^^^^^^^^^^^^^
  File "C:\django_projects\backend_ecommerce\env\Lib\site-packages\django\template\base.py", line 977, in render_annotated
    return self.render(context)
           ^^^^^^^^^^^^^^^^^^^^
  File "C:\django_projects\backend_ecommerce\env\Lib\site-packages\django\template\loader_tags.py", line 134, in render
    compiled_parent = self.get_parent(context)
                      ^^^^^^^^^^^^^^^^^^^^^^^^
  File "C:\django_projects\backend_ecommerce\env\Lib\site-packages\django\template\loader_tags.py", line 131, in get_parent
    return self.find_template(parent, context)
           ^^^^^^^^^^^^^^^^^^^^^^^^^^^^^^^^^^^
  File "C:\django_projects\backend_ecommerce\env\Lib\site-packages\django\template\loader_tags.py", line 109, in find_template
    template, origin = context.template.engine.find_template(
                       ^^^^^^^^^^^^^^^^^^^^^^^^^^^^^^^^^^^^^^
  File "C:\django_projects\backend_ecommerce\env\Lib\site-packages\django\template\engine.py", line 163, in find_template
    raise TemplateDoesNotExist(name, tried=tried)
django.template.exceptions.TemplateDoesNotExist: rest_framework/base.html

The above exception was the direct cause of the following exception:

Traceback (most recent call last):
  File "C:\django_projects\backend_ecommerce\env\Lib\site-packages\django\core\handlers\exception.py", line 55, in inner
    response = get_response(request)
               ^^^^^^^^^^^^^^^^^^^^^
  File "C:\django_projects\backend_ecommerce\env\Lib\site-packages\django\core\handlers\base.py", line 220, in _get_response
    response = response.render()
               ^^^^^^^^^^^^^^^^^
  File "C:\django_projects\backend_ecommerce\env\Lib\site-packages\django\template\response.py", line 114, in render
    self.content = self.rendered_content
                   ^^^^^^^^^^^^^^^^^^^^^
  File "C:\django_projects\backend_ecommerce\env\Lib\site-packages\rest_framework\response.py", line 74, in rendered_content
    ret = renderer.render(self.data, accepted_media_type, context)
          ^^^^^^^^^^^^^^^^^^^^^^^^^^^^^^^^^^^^^^^^^^^^^^^^^^^^^^^^
  File "C:\django_projects\backend_ecommerce\env\Lib\site-packages\rest_framework\renderers.py", line 732, in render
    ret = template.render(context, request=renderer_context['request'])
          ^^^^^^^^^^^^^^^^^^^^^^^^^^^^^^^^^^^^^^^^^^^^^^^^^^^^^^^^^^^^^
  File "C:\django_projects\backend_ecommerce\env\Lib\site-packages\django\template\backends\django.py", line 109, in render
    reraise(exc, self.backend)
  File "C:\django_projects\backend_ecommerce\env\Lib\site-packages\django\template\backends\django.py", line 130, in reraise
    raise new from exc
django.template.exceptions.TemplateDoesNotExist: rest_framework/base.html
ERROR 2025-04-14 15:47:21,966 log Internal Server Error: /api/v1/
Traceback (most recent call last):
  File "C:\django_projects\backend_ecommerce\env\Lib\site-packages\django\template\backends\django.py", line 107, in render
    return self.template.render(context)
           ^^^^^^^^^^^^^^^^^^^^^^^^^^^^^
  File "C:\django_projects\backend_ecommerce\env\Lib\site-packages\django\template\base.py", line 171, in render
    return self._render(context)
           ^^^^^^^^^^^^^^^^^^^^^
  File "C:\django_projects\backend_ecommerce\env\Lib\site-packages\django\template\base.py", line 163, in _render
    return self.nodelist.render(context)
           ^^^^^^^^^^^^^^^^^^^^^^^^^^^^^
  File "C:\django_projects\backend_ecommerce\env\Lib\site-packages\django\template\base.py", line 1016, in render
    return SafeString("".join([node.render_annotated(context) for node in self]))
                              ^^^^^^^^^^^^^^^^^^^^^^^^^^^^^^^^^^^^^^^^^^^^^^^^^
  File "C:\django_projects\backend_ecommerce\env\Lib\site-packages\django\template\base.py", line 1016, in <listcomp>
    return SafeString("".join([node.render_annotated(context) for node in self]))
                               ^^^^^^^^^^^^^^^^^^^^^^^^^^^^^^
  File "C:\django_projects\backend_ecommerce\env\Lib\site-packages\django\template\base.py", line 977, in render_annotated
    return self.render(context)
           ^^^^^^^^^^^^^^^^^^^^
  File "C:\django_projects\backend_ecommerce\env\Lib\site-packages\django\template\loader_tags.py", line 134, in render
    compiled_parent = self.get_parent(context)
                      ^^^^^^^^^^^^^^^^^^^^^^^^
  File "C:\django_projects\backend_ecommerce\env\Lib\site-packages\django\template\loader_tags.py", line 131, in get_parent
    return self.find_template(parent, context)
           ^^^^^^^^^^^^^^^^^^^^^^^^^^^^^^^^^^^
  File "C:\django_projects\backend_ecommerce\env\Lib\site-packages\django\template\loader_tags.py", line 109, in find_template
    template, origin = context.template.engine.find_template(
                       ^^^^^^^^^^^^^^^^^^^^^^^^^^^^^^^^^^^^^^
  File "C:\django_projects\backend_ecommerce\env\Lib\site-packages\django\template\engine.py", line 163, in find_template
    raise TemplateDoesNotExist(name, tried=tried)
django.template.exceptions.TemplateDoesNotExist: rest_framework/base.html

The above exception was the direct cause of the following exception:

Traceback (most recent call last):
  File "C:\django_projects\backend_ecommerce\env\Lib\site-packages\django\core\handlers\exception.py", line 55, in inner
    response = get_response(request)
               ^^^^^^^^^^^^^^^^^^^^^
  File "C:\django_projects\backend_ecommerce\env\Lib\site-packages\django\core\handlers\base.py", line 220, in _get_response
    response = response.render()
               ^^^^^^^^^^^^^^^^^
  File "C:\django_projects\backend_ecommerce\env\Lib\site-packages\django\template\response.py", line 114, in render
    self.content = self.rendered_content
                   ^^^^^^^^^^^^^^^^^^^^^
  File "C:\django_projects\backend_ecommerce\env\Lib\site-packages\rest_framework\response.py", line 74, in rendered_content
    ret = renderer.render(self.data, accepted_media_type, context)
          ^^^^^^^^^^^^^^^^^^^^^^^^^^^^^^^^^^^^^^^^^^^^^^^^^^^^^^^^
  File "C:\django_projects\backend_ecommerce\env\Lib\site-packages\rest_framework\renderers.py", line 732, in render
    ret = template.render(context, request=renderer_context['request'])
          ^^^^^^^^^^^^^^^^^^^^^^^^^^^^^^^^^^^^^^^^^^^^^^^^^^^^^^^^^^^^^
  File "C:\django_projects\backend_ecommerce\env\Lib\site-packages\django\template\backends\django.py", line 109, in render
    reraise(exc, self.backend)
  File "C:\django_projects\backend_ecommerce\env\Lib\site-packages\django\template\backends\django.py", line 130, in reraise
    raise new from exc
django.template.exceptions.TemplateDoesNotExist: rest_framework/base.html
INFO 2025-04-14 15:54:08,500 autoreload C:\django_projects\backend_ecommerce\products\urls.py changed, reloading.
INFO 2025-04-14 15:54:08,268 autoreload C:\django_projects\backend_ecommerce\products\urls.py changed, reloading.
INFO 2025-04-14 15:54:08,794 autoreload C:\django_projects\backend_ecommerce\products\urls.py changed, reloading.
INFO 2025-04-14 15:54:08,390 autoreload C:\django_projects\backend_ecommerce\products\urls.py changed, reloading.
INFO 2025-04-14 15:54:08,958 autoreload C:\django_projects\backend_ecommerce\products\urls.py changed, reloading.
INFO 2025-04-14 15:54:22,965 autoreload Watching for file changes with StatReloader
INFO 2025-04-14 15:54:22,975 autoreload Watching for file changes with StatReloader
INFO 2025-04-14 15:54:23,036 autoreload Watching for file changes with StatReloader
INFO 2025-04-14 15:54:22,975 autoreload Watching for file changes with StatReloader
INFO 2025-04-14 15:54:23,478 autoreload Watching for file changes with StatReloader
INFO 2025-04-14 15:54:35,847 autoreload C:\django_projects\backend_ecommerce\backend_ecommerce\settings.py changed, reloading.
INFO 2025-04-14 15:54:36,071 autoreload C:\django_projects\backend_ecommerce\backend_ecommerce\settings.py changed, reloading.
INFO 2025-04-14 15:54:36,103 autoreload C:\django_projects\backend_ecommerce\backend_ecommerce\settings.py changed, reloading.
INFO 2025-04-14 15:54:36,250 autoreload C:\django_projects\backend_ecommerce\backend_ecommerce\settings.py changed, reloading.
INFO 2025-04-14 15:54:36,315 autoreload C:\django_projects\backend_ecommerce\backend_ecommerce\settings.py changed, reloading.
INFO 2025-04-14 15:54:41,550 autoreload Watching for file changes with StatReloader
INFO 2025-04-14 15:54:41,585 autoreload Watching for file changes with StatReloader
INFO 2025-04-14 15:54:41,710 autoreload Watching for file changes with StatReloader
INFO 2025-04-14 15:54:41,748 autoreload Watching for file changes with StatReloader
INFO 2025-04-14 15:54:41,764 autoreload Watching for file changes with StatReloader
INFO 2025-04-14 15:54:53,073 autoreload C:\django_projects\backend_ecommerce\backend_ecommerce\settings.py changed, reloading.
INFO 2025-04-14 15:54:53,135 autoreload C:\django_projects\backend_ecommerce\backend_ecommerce\settings.py changed, reloading.
INFO 2025-04-14 15:54:53,233 autoreload C:\django_projects\backend_ecommerce\backend_ecommerce\settings.py changed, reloading.
INFO 2025-04-14 15:54:53,251 autoreload C:\django_projects\backend_ecommerce\backend_ecommerce\settings.py changed, reloading.
INFO 2025-04-14 15:54:53,838 autoreload C:\django_projects\backend_ecommerce\backend_ecommerce\settings.py changed, reloading.
INFO 2025-04-14 15:54:57,274 autoreload Watching for file changes with StatReloader
INFO 2025-04-14 15:54:57,346 autoreload Watching for file changes with StatReloader
INFO 2025-04-14 15:54:57,388 autoreload Watching for file changes with StatReloader
INFO 2025-04-14 15:54:57,516 autoreload Watching for file changes with StatReloader
INFO 2025-04-14 15:54:57,506 autoreload Watching for file changes with StatReloader
ERROR 2025-04-14 15:55:21,964 log Internal Server Error: /api/v1/
Traceback (most recent call last):
  File "C:\django_projects\backend_ecommerce\env\Lib\site-packages\django\template\backends\django.py", line 107, in render
    return self.template.render(context)
           ^^^^^^^^^^^^^^^^^^^^^^^^^^^^^
  File "C:\django_projects\backend_ecommerce\env\Lib\site-packages\django\template\base.py", line 171, in render
    return self._render(context)
           ^^^^^^^^^^^^^^^^^^^^^
  File "C:\django_projects\backend_ecommerce\env\Lib\site-packages\django\template\base.py", line 163, in _render
    return self.nodelist.render(context)
           ^^^^^^^^^^^^^^^^^^^^^^^^^^^^^
  File "C:\django_projects\backend_ecommerce\env\Lib\site-packages\django\template\base.py", line 1016, in render
    return SafeString("".join([node.render_annotated(context) for node in self]))
                              ^^^^^^^^^^^^^^^^^^^^^^^^^^^^^^^^^^^^^^^^^^^^^^^^^
  File "C:\django_projects\backend_ecommerce\env\Lib\site-packages\django\template\base.py", line 1016, in <listcomp>
    return SafeString("".join([node.render_annotated(context) for node in self]))
                               ^^^^^^^^^^^^^^^^^^^^^^^^^^^^^^
  File "C:\django_projects\backend_ecommerce\env\Lib\site-packages\django\template\base.py", line 977, in render_annotated
    return self.render(context)
           ^^^^^^^^^^^^^^^^^^^^
  File "C:\django_projects\backend_ecommerce\env\Lib\site-packages\django\template\loader_tags.py", line 134, in render
    compiled_parent = self.get_parent(context)
                      ^^^^^^^^^^^^^^^^^^^^^^^^
  File "C:\django_projects\backend_ecommerce\env\Lib\site-packages\django\template\loader_tags.py", line 131, in get_parent
    return self.find_template(parent, context)
           ^^^^^^^^^^^^^^^^^^^^^^^^^^^^^^^^^^^
  File "C:\django_projects\backend_ecommerce\env\Lib\site-packages\django\template\loader_tags.py", line 109, in find_template
    template, origin = context.template.engine.find_template(
                       ^^^^^^^^^^^^^^^^^^^^^^^^^^^^^^^^^^^^^^
  File "C:\django_projects\backend_ecommerce\env\Lib\site-packages\django\template\engine.py", line 163, in find_template
    raise TemplateDoesNotExist(name, tried=tried)
django.template.exceptions.TemplateDoesNotExist: rest_framework/base.html

The above exception was the direct cause of the following exception:

Traceback (most recent call last):
  File "C:\django_projects\backend_ecommerce\env\Lib\site-packages\django\core\handlers\exception.py", line 55, in inner
    response = get_response(request)
               ^^^^^^^^^^^^^^^^^^^^^
  File "C:\django_projects\backend_ecommerce\env\Lib\site-packages\django\core\handlers\base.py", line 220, in _get_response
    response = response.render()
               ^^^^^^^^^^^^^^^^^
  File "C:\django_projects\backend_ecommerce\env\Lib\site-packages\django\template\response.py", line 114, in render
    self.content = self.rendered_content
                   ^^^^^^^^^^^^^^^^^^^^^
  File "C:\django_projects\backend_ecommerce\env\Lib\site-packages\rest_framework\response.py", line 74, in rendered_content
    ret = renderer.render(self.data, accepted_media_type, context)
          ^^^^^^^^^^^^^^^^^^^^^^^^^^^^^^^^^^^^^^^^^^^^^^^^^^^^^^^^
  File "C:\django_projects\backend_ecommerce\env\Lib\site-packages\rest_framework\renderers.py", line 732, in render
    ret = template.render(context, request=renderer_context['request'])
          ^^^^^^^^^^^^^^^^^^^^^^^^^^^^^^^^^^^^^^^^^^^^^^^^^^^^^^^^^^^^^
  File "C:\django_projects\backend_ecommerce\env\Lib\site-packages\django\template\backends\django.py", line 109, in render
    reraise(exc, self.backend)
  File "C:\django_projects\backend_ecommerce\env\Lib\site-packages\django\template\backends\django.py", line 130, in reraise
    raise new from exc
django.template.exceptions.TemplateDoesNotExist: rest_framework/base.html
WARNING 2025-04-14 15:55:42,741 base Method Not Allowed (GET): /accounts/logout/
WARNING 2025-04-14 15:55:42,743 log Method Not Allowed: /accounts/logout/
ERROR 2025-04-14 15:55:52,143 log Internal Server Error: /api/v1/
Traceback (most recent call last):
  File "C:\django_projects\backend_ecommerce\env\Lib\site-packages\django\template\backends\django.py", line 107, in render
    return self.template.render(context)
           ^^^^^^^^^^^^^^^^^^^^^^^^^^^^^
  File "C:\django_projects\backend_ecommerce\env\Lib\site-packages\django\template\base.py", line 171, in render
    return self._render(context)
           ^^^^^^^^^^^^^^^^^^^^^
  File "C:\django_projects\backend_ecommerce\env\Lib\site-packages\django\template\base.py", line 163, in _render
    return self.nodelist.render(context)
           ^^^^^^^^^^^^^^^^^^^^^^^^^^^^^
  File "C:\django_projects\backend_ecommerce\env\Lib\site-packages\django\template\base.py", line 1016, in render
    return SafeString("".join([node.render_annotated(context) for node in self]))
                              ^^^^^^^^^^^^^^^^^^^^^^^^^^^^^^^^^^^^^^^^^^^^^^^^^
  File "C:\django_projects\backend_ecommerce\env\Lib\site-packages\django\template\base.py", line 1016, in <listcomp>
    return SafeString("".join([node.render_annotated(context) for node in self]))
                               ^^^^^^^^^^^^^^^^^^^^^^^^^^^^^^
  File "C:\django_projects\backend_ecommerce\env\Lib\site-packages\django\template\base.py", line 977, in render_annotated
    return self.render(context)
           ^^^^^^^^^^^^^^^^^^^^
  File "C:\django_projects\backend_ecommerce\env\Lib\site-packages\django\template\loader_tags.py", line 134, in render
    compiled_parent = self.get_parent(context)
                      ^^^^^^^^^^^^^^^^^^^^^^^^
  File "C:\django_projects\backend_ecommerce\env\Lib\site-packages\django\template\loader_tags.py", line 131, in get_parent
    return self.find_template(parent, context)
           ^^^^^^^^^^^^^^^^^^^^^^^^^^^^^^^^^^^
  File "C:\django_projects\backend_ecommerce\env\Lib\site-packages\django\template\loader_tags.py", line 109, in find_template
    template, origin = context.template.engine.find_template(
                       ^^^^^^^^^^^^^^^^^^^^^^^^^^^^^^^^^^^^^^
  File "C:\django_projects\backend_ecommerce\env\Lib\site-packages\django\template\engine.py", line 163, in find_template
    raise TemplateDoesNotExist(name, tried=tried)
django.template.exceptions.TemplateDoesNotExist: rest_framework/base.html

The above exception was the direct cause of the following exception:

Traceback (most recent call last):
  File "C:\django_projects\backend_ecommerce\env\Lib\site-packages\django\core\handlers\exception.py", line 55, in inner
    response = get_response(request)
               ^^^^^^^^^^^^^^^^^^^^^
  File "C:\django_projects\backend_ecommerce\env\Lib\site-packages\django\core\handlers\base.py", line 220, in _get_response
    response = response.render()
               ^^^^^^^^^^^^^^^^^
  File "C:\django_projects\backend_ecommerce\env\Lib\site-packages\django\template\response.py", line 114, in render
    self.content = self.rendered_content
                   ^^^^^^^^^^^^^^^^^^^^^
  File "C:\django_projects\backend_ecommerce\env\Lib\site-packages\rest_framework\response.py", line 74, in rendered_content
    ret = renderer.render(self.data, accepted_media_type, context)
          ^^^^^^^^^^^^^^^^^^^^^^^^^^^^^^^^^^^^^^^^^^^^^^^^^^^^^^^^
  File "C:\django_projects\backend_ecommerce\env\Lib\site-packages\rest_framework\renderers.py", line 732, in render
    ret = template.render(context, request=renderer_context['request'])
          ^^^^^^^^^^^^^^^^^^^^^^^^^^^^^^^^^^^^^^^^^^^^^^^^^^^^^^^^^^^^^
  File "C:\django_projects\backend_ecommerce\env\Lib\site-packages\django\template\backends\django.py", line 109, in render
    reraise(exc, self.backend)
  File "C:\django_projects\backend_ecommerce\env\Lib\site-packages\django\template\backends\django.py", line 130, in reraise
    raise new from exc
django.template.exceptions.TemplateDoesNotExist: rest_framework/base.html
ERROR 2025-04-14 15:55:54,987 log Internal Server Error: /api/v1/
Traceback (most recent call last):
  File "C:\django_projects\backend_ecommerce\env\Lib\site-packages\django\template\backends\django.py", line 107, in render
    return self.template.render(context)
           ^^^^^^^^^^^^^^^^^^^^^^^^^^^^^
  File "C:\django_projects\backend_ecommerce\env\Lib\site-packages\django\template\base.py", line 171, in render
    return self._render(context)
           ^^^^^^^^^^^^^^^^^^^^^
  File "C:\django_projects\backend_ecommerce\env\Lib\site-packages\django\template\base.py", line 163, in _render
    return self.nodelist.render(context)
           ^^^^^^^^^^^^^^^^^^^^^^^^^^^^^
  File "C:\django_projects\backend_ecommerce\env\Lib\site-packages\django\template\base.py", line 1016, in render
    return SafeString("".join([node.render_annotated(context) for node in self]))
                              ^^^^^^^^^^^^^^^^^^^^^^^^^^^^^^^^^^^^^^^^^^^^^^^^^
  File "C:\django_projects\backend_ecommerce\env\Lib\site-packages\django\template\base.py", line 1016, in <listcomp>
    return SafeString("".join([node.render_annotated(context) for node in self]))
                               ^^^^^^^^^^^^^^^^^^^^^^^^^^^^^^
  File "C:\django_projects\backend_ecommerce\env\Lib\site-packages\django\template\base.py", line 977, in render_annotated
    return self.render(context)
           ^^^^^^^^^^^^^^^^^^^^
  File "C:\django_projects\backend_ecommerce\env\Lib\site-packages\django\template\loader_tags.py", line 134, in render
    compiled_parent = self.get_parent(context)
                      ^^^^^^^^^^^^^^^^^^^^^^^^
  File "C:\django_projects\backend_ecommerce\env\Lib\site-packages\django\template\loader_tags.py", line 131, in get_parent
    return self.find_template(parent, context)
           ^^^^^^^^^^^^^^^^^^^^^^^^^^^^^^^^^^^
  File "C:\django_projects\backend_ecommerce\env\Lib\site-packages\django\template\loader_tags.py", line 109, in find_template
    template, origin = context.template.engine.find_template(
                       ^^^^^^^^^^^^^^^^^^^^^^^^^^^^^^^^^^^^^^
  File "C:\django_projects\backend_ecommerce\env\Lib\site-packages\django\template\engine.py", line 163, in find_template
    raise TemplateDoesNotExist(name, tried=tried)
django.template.exceptions.TemplateDoesNotExist: rest_framework/base.html

The above exception was the direct cause of the following exception:

Traceback (most recent call last):
  File "C:\django_projects\backend_ecommerce\env\Lib\site-packages\django\core\handlers\exception.py", line 55, in inner
    response = get_response(request)
               ^^^^^^^^^^^^^^^^^^^^^
  File "C:\django_projects\backend_ecommerce\env\Lib\site-packages\django\core\handlers\base.py", line 220, in _get_response
    response = response.render()
               ^^^^^^^^^^^^^^^^^
  File "C:\django_projects\backend_ecommerce\env\Lib\site-packages\django\template\response.py", line 114, in render
    self.content = self.rendered_content
                   ^^^^^^^^^^^^^^^^^^^^^
  File "C:\django_projects\backend_ecommerce\env\Lib\site-packages\rest_framework\response.py", line 74, in rendered_content
    ret = renderer.render(self.data, accepted_media_type, context)
          ^^^^^^^^^^^^^^^^^^^^^^^^^^^^^^^^^^^^^^^^^^^^^^^^^^^^^^^^
  File "C:\django_projects\backend_ecommerce\env\Lib\site-packages\rest_framework\renderers.py", line 732, in render
    ret = template.render(context, request=renderer_context['request'])
          ^^^^^^^^^^^^^^^^^^^^^^^^^^^^^^^^^^^^^^^^^^^^^^^^^^^^^^^^^^^^^
  File "C:\django_projects\backend_ecommerce\env\Lib\site-packages\django\template\backends\django.py", line 109, in render
    reraise(exc, self.backend)
  File "C:\django_projects\backend_ecommerce\env\Lib\site-packages\django\template\backends\django.py", line 130, in reraise
    raise new from exc
django.template.exceptions.TemplateDoesNotExist: rest_framework/base.html
INFO 2025-04-14 16:03:08,180 autoreload C:\django_projects\backend_ecommerce\backend_ecommerce\settings.py changed, reloading.
INFO 2025-04-14 16:03:08,475 autoreload C:\django_projects\backend_ecommerce\backend_ecommerce\settings.py changed, reloading.
INFO 2025-04-14 16:03:08,607 autoreload C:\django_projects\backend_ecommerce\backend_ecommerce\settings.py changed, reloading.
INFO 2025-04-14 16:03:08,656 autoreload C:\django_projects\backend_ecommerce\backend_ecommerce\settings.py changed, reloading.
INFO 2025-04-14 16:03:08,962 autoreload C:\django_projects\backend_ecommerce\backend_ecommerce\settings.py changed, reloading.
INFO 2025-04-14 16:03:20,649 autoreload Watching for file changes with StatReloader
INFO 2025-04-14 16:03:20,654 autoreload Watching for file changes with StatReloader
INFO 2025-04-14 16:03:20,658 autoreload Watching for file changes with StatReloader
INFO 2025-04-14 16:03:20,660 autoreload Watching for file changes with StatReloader
INFO 2025-04-14 16:03:20,668 autoreload Watching for file changes with StatReloader
WARNING 2025-04-14 16:03:39,157 base Method Not Allowed (GET): /accounts/logout/
WARNING 2025-04-14 16:03:39,236 log Method Not Allowed: /accounts/logout/
INFO 2025-04-14 16:17:14,997 autoreload C:\django_projects\backend_ecommerce\backend_ecommerce\settings.py changed, reloading.
INFO 2025-04-14 16:17:15,638 autoreload C:\django_projects\backend_ecommerce\backend_ecommerce\settings.py changed, reloading.
INFO 2025-04-14 16:17:15,409 autoreload C:\django_projects\backend_ecommerce\backend_ecommerce\settings.py changed, reloading.
INFO 2025-04-14 16:17:15,815 autoreload C:\django_projects\backend_ecommerce\backend_ecommerce\settings.py changed, reloading.
INFO 2025-04-14 16:17:15,866 autoreload C:\django_projects\backend_ecommerce\backend_ecommerce\settings.py changed, reloading.
INFO 2025-04-14 16:17:42,519 autoreload Watching for file changes with StatReloader
INFO 2025-04-14 16:17:42,564 autoreload Watching for file changes with StatReloader
INFO 2025-04-14 16:17:42,812 autoreload Watching for file changes with StatReloader
INFO 2025-04-14 16:17:43,837 autoreload Watching for file changes with StatReloader
INFO 2025-04-14 16:17:45,046 autoreload Watching for file changes with StatReloader
INFO 2025-04-14 16:20:28,925 autoreload C:\django_projects\backend_ecommerce\backend_ecommerce\urls.py changed, reloading.
INFO 2025-04-14 16:20:28,968 autoreload C:\django_projects\backend_ecommerce\backend_ecommerce\urls.py changed, reloading.
INFO 2025-04-14 16:20:29,023 autoreload C:\django_projects\backend_ecommerce\backend_ecommerce\urls.py changed, reloading.
INFO 2025-04-14 16:20:29,005 autoreload C:\django_projects\backend_ecommerce\backend_ecommerce\urls.py changed, reloading.
INFO 2025-04-14 16:20:29,153 autoreload C:\django_projects\backend_ecommerce\backend_ecommerce\urls.py changed, reloading.
INFO 2025-04-14 16:20:35,784 autoreload Watching for file changes with StatReloader
INFO 2025-04-14 16:20:35,836 autoreload Watching for file changes with StatReloader
INFO 2025-04-14 16:20:35,845 autoreload Watching for file changes with StatReloader
INFO 2025-04-14 16:20:35,873 autoreload Watching for file changes with StatReloader
INFO 2025-04-14 16:20:36,115 autoreload Watching for file changes with StatReloader
INFO 2025-04-14 16:21:29,678 autoreload C:\django_projects\backend_ecommerce\backend_ecommerce\urls.py changed, reloading.
INFO 2025-04-14 16:21:29,769 autoreload C:\django_projects\backend_ecommerce\backend_ecommerce\urls.py changed, reloading.
INFO 2025-04-14 16:21:30,145 autoreload C:\django_projects\backend_ecommerce\backend_ecommerce\urls.py changed, reloading.
INFO 2025-04-14 16:21:30,128 autoreload C:\django_projects\backend_ecommerce\backend_ecommerce\urls.py changed, reloading.
INFO 2025-04-14 16:21:30,171 autoreload C:\django_projects\backend_ecommerce\backend_ecommerce\urls.py changed, reloading.
INFO 2025-04-14 16:21:35,077 autoreload Watching for file changes with StatReloader
INFO 2025-04-14 16:21:35,151 autoreload Watching for file changes with StatReloader
INFO 2025-04-14 16:21:35,169 autoreload Watching for file changes with StatReloader
INFO 2025-04-14 16:21:35,189 autoreload Watching for file changes with StatReloader
INFO 2025-04-14 16:21:35,236 autoreload Watching for file changes with StatReloader
INFO 2025-04-14 16:28:13,686 autoreload Watching for file changes with StatReloader
WARNING 2025-04-14 16:28:26,511 base Method Not Allowed (GET): /logout/
WARNING 2025-04-14 16:28:26,512 log Method Not Allowed: /logout/
INFO 2025-04-14 16:31:42,969 autoreload C:\django_projects\backend_ecommerce\products\urls.py changed, reloading.
INFO 2025-04-14 16:31:43,012 autoreload C:\django_projects\backend_ecommerce\products\urls.py changed, reloading.
INFO 2025-04-14 16:31:42,979 autoreload C:\django_projects\backend_ecommerce\products\urls.py changed, reloading.
INFO 2025-04-14 16:31:43,129 autoreload C:\django_projects\backend_ecommerce\products\urls.py changed, reloading.
INFO 2025-04-14 16:31:43,153 autoreload C:\django_projects\backend_ecommerce\products\urls.py changed, reloading.
INFO 2025-04-14 16:31:44,009 autoreload C:\django_projects\backend_ecommerce\products\urls.py changed, reloading.
INFO 2025-04-14 16:31:48,285 autoreload Watching for file changes with StatReloader
INFO 2025-04-14 16:31:48,371 autoreload Watching for file changes with StatReloader
INFO 2025-04-14 16:31:48,413 autoreload Watching for file changes with StatReloader
INFO 2025-04-14 16:31:48,880 autoreload Watching for file changes with StatReloader
INFO 2025-04-14 16:31:49,148 autoreload Watching for file changes with StatReloader
INFO 2025-04-14 16:31:49,350 autoreload Watching for file changes with StatReloader
INFO 2025-04-14 16:34:08,358 autoreload C:\django_projects\backend_ecommerce\products\views.py changed, reloading.
INFO 2025-04-14 16:34:08,504 autoreload C:\django_projects\backend_ecommerce\products\views.py changed, reloading.
INFO 2025-04-14 16:34:08,505 autoreload C:\django_projects\backend_ecommerce\products\views.py changed, reloading.
INFO 2025-04-14 16:34:08,808 autoreload C:\django_projects\backend_ecommerce\products\views.py changed, reloading.
INFO 2025-04-14 16:34:09,046 autoreload C:\django_projects\backend_ecommerce\products\views.py changed, reloading.
INFO 2025-04-14 16:34:09,659 autoreload C:\django_projects\backend_ecommerce\products\views.py changed, reloading.
INFO 2025-04-14 16:34:15,399 autoreload Watching for file changes with StatReloader
INFO 2025-04-14 16:34:15,445 autoreload Watching for file changes with StatReloader
INFO 2025-04-14 16:34:15,500 autoreload Watching for file changes with StatReloader
INFO 2025-04-14 16:34:15,547 autoreload Watching for file changes with StatReloader
INFO 2025-04-14 16:34:15,597 autoreload Watching for file changes with StatReloader
INFO 2025-04-14 16:34:15,641 autoreload Watching for file changes with StatReloader
INFO 2025-04-14 16:34:36,666 autoreload C:\django_projects\backend_ecommerce\products\views.py changed, reloading.
INFO 2025-04-14 16:34:36,665 autoreload C:\django_projects\backend_ecommerce\products\views.py changed, reloading.
INFO 2025-04-14 16:34:36,667 autoreload C:\django_projects\backend_ecommerce\products\views.py changed, reloading.
INFO 2025-04-14 16:34:36,717 autoreload C:\django_projects\backend_ecommerce\products\views.py changed, reloading.
INFO 2025-04-14 16:34:36,894 autoreload C:\django_projects\backend_ecommerce\products\views.py changed, reloading.
INFO 2025-04-14 16:34:37,481 autoreload C:\django_projects\backend_ecommerce\products\views.py changed, reloading.
INFO 2025-04-14 16:34:45,980 autoreload Watching for file changes with StatReloader
INFO 2025-04-14 16:34:46,034 autoreload Watching for file changes with StatReloader
INFO 2025-04-14 16:34:46,055 autoreload Watching for file changes with StatReloader
INFO 2025-04-14 16:34:46,062 autoreload Watching for file changes with StatReloader
INFO 2025-04-14 16:34:46,071 autoreload Watching for file changes with StatReloader
INFO 2025-04-14 16:34:46,111 autoreload Watching for file changes with StatReloader
INFO 2025-04-14 16:41:21,304 autoreload C:\django_projects\backend_ecommerce\products\views.py changed, reloading.
INFO 2025-04-14 16:41:21,361 autoreload C:\django_projects\backend_ecommerce\products\views.py changed, reloading.
INFO 2025-04-14 16:41:21,370 autoreload C:\django_projects\backend_ecommerce\products\views.py changed, reloading.
INFO 2025-04-14 16:41:21,345 autoreload C:\django_projects\backend_ecommerce\products\views.py changed, reloading.
INFO 2025-04-14 16:41:21,405 autoreload C:\django_projects\backend_ecommerce\products\views.py changed, reloading.
INFO 2025-04-14 16:41:21,537 autoreload C:\django_projects\backend_ecommerce\products\views.py changed, reloading.
INFO 2025-04-14 16:41:42,673 autoreload Watching for file changes with StatReloader
INFO 2025-04-14 16:41:42,802 autoreload Watching for file changes with StatReloader
INFO 2025-04-14 16:41:42,906 autoreload Watching for file changes with StatReloader
INFO 2025-04-14 16:41:43,109 autoreload Watching for file changes with StatReloader
INFO 2025-04-14 16:41:43,345 autoreload Watching for file changes with StatReloader
INFO 2025-04-14 16:41:46,787 autoreload Watching for file changes with StatReloader
WARNING 2025-04-14 16:46:32,227 log Not Found: /api/v1/products/path/to/tshirt.jpg
WARNING 2025-04-14 16:46:32,259 log Not Found: /api/v1/products/path/to/laptop.jpg
WARNING 2025-04-14 16:46:32,273 log Not Found: /api/v1/products/1
WARNING 2025-04-14 16:46:32,296 log Not Found: /api/v1/products/thumbnail_url
WARNING 2025-04-14 16:46:47,162 log Not Found: /api/v1/products/thumbnail_url
WARNING 2025-04-14 16:46:47,174 log Not Found: /api/v1/products/1
WARNING 2025-04-14 16:46:47,203 log Not Found: /api/v1/products/path/to/tshirt.jpg
WARNING 2025-04-14 16:46:47,223 log Not Found: /api/v1/products/path/to/laptop.jpg
WARNING 2025-04-14 16:46:50,955 log Bad Request: /api/v1/cart/
WARNING 2025-04-14 16:46:56,903 base Method Not Allowed (GET): /logout/
WARNING 2025-04-14 16:46:56,905 log Method Not Allowed: /logout/
INFO 2025-04-14 16:49:40,952 autoreload C:\django_projects\backend_ecommerce\products\urls.py changed, reloading.
INFO 2025-04-14 16:49:41,615 autoreload C:\django_projects\backend_ecommerce\products\urls.py changed, reloading.
INFO 2025-04-14 16:49:41,735 autoreload C:\django_projects\backend_ecommerce\products\urls.py changed, reloading.
INFO 2025-04-14 16:49:41,652 autoreload C:\django_projects\backend_ecommerce\products\urls.py changed, reloading.
INFO 2025-04-14 16:49:41,947 autoreload C:\django_projects\backend_ecommerce\products\urls.py changed, reloading.
INFO 2025-04-14 16:49:41,957 autoreload C:\django_projects\backend_ecommerce\products\urls.py changed, reloading.
INFO 2025-04-14 16:49:56,645 autoreload Watching for file changes with StatReloader
INFO 2025-04-14 16:49:56,758 autoreload Watching for file changes with StatReloader
INFO 2025-04-14 16:49:56,782 autoreload Watching for file changes with StatReloader
INFO 2025-04-14 16:49:56,784 autoreload Watching for file changes with StatReloader
INFO 2025-04-14 16:49:56,756 autoreload Watching for file changes with StatReloader
INFO 2025-04-14 16:49:57,157 autoreload Watching for file changes with StatReloader
INFO 2025-04-14 16:51:44,548 autoreload C:\django_projects\backend_ecommerce\products\views.py changed, reloading.
INFO 2025-04-14 16:51:44,460 autoreload C:\django_projects\backend_ecommerce\products\views.py changed, reloading.
INFO 2025-04-14 16:51:44,606 autoreload C:\django_projects\backend_ecommerce\products\views.py changed, reloading.
INFO 2025-04-14 16:51:44,683 autoreload C:\django_projects\backend_ecommerce\products\views.py changed, reloading.
INFO 2025-04-14 16:51:44,764 autoreload C:\django_projects\backend_ecommerce\products\views.py changed, reloading.
INFO 2025-04-14 16:51:44,716 autoreload C:\django_projects\backend_ecommerce\products\views.py changed, reloading.
INFO 2025-04-14 16:51:53,211 autoreload Watching for file changes with StatReloader
INFO 2025-04-14 16:51:53,249 autoreload Watching for file changes with StatReloader
INFO 2025-04-14 16:51:53,265 autoreload Watching for file changes with StatReloader
INFO 2025-04-14 16:51:53,384 autoreload Watching for file changes with StatReloader
INFO 2025-04-14 16:51:53,386 autoreload Watching for file changes with StatReloader
INFO 2025-04-14 16:51:53,794 autoreload Watching for file changes with StatReloader
INFO 2025-04-14 16:54:42,886 autoreload C:\django_projects\backend_ecommerce\products\views.py changed, reloading.
INFO 2025-04-14 16:54:43,033 autoreload C:\django_projects\backend_ecommerce\products\views.py changed, reloading.
INFO 2025-04-14 16:54:43,078 autoreload C:\django_projects\backend_ecommerce\products\views.py changed, reloading.
INFO 2025-04-14 16:54:43,278 autoreload C:\django_projects\backend_ecommerce\products\views.py changed, reloading.
INFO 2025-04-14 16:54:43,330 autoreload C:\django_projects\backend_ecommerce\products\views.py changed, reloading.
INFO 2025-04-14 16:54:53,662 autoreload Watching for file changes with StatReloader
INFO 2025-04-14 16:54:53,674 autoreload Watching for file changes with StatReloader
INFO 2025-04-14 16:54:53,769 autoreload Watching for file changes with StatReloader
INFO 2025-04-14 16:54:53,802 autoreload Watching for file changes with StatReloader
INFO 2025-04-14 16:54:53,926 autoreload Watching for file changes with StatReloader
INFO 2025-04-14 16:54:54,021 autoreload Watching for file changes with StatReloader
INFO 2025-04-14 16:55:56,000 autoreload C:\django_projects\backend_ecommerce\products\models.py changed, reloading.
INFO 2025-04-14 16:55:56,006 autoreload C:\django_projects\backend_ecommerce\products\models.py changed, reloading.
INFO 2025-04-14 16:55:56,006 autoreload C:\django_projects\backend_ecommerce\products\models.py changed, reloading.
INFO 2025-04-14 16:56:10,442 autoreload Watching for file changes with StatReloader
INFO 2025-04-14 16:56:10,442 autoreload Watching for file changes with StatReloader
INFO 2025-04-14 16:56:10,443 autoreload Watching for file changes with StatReloader
INFO 2025-04-14 16:56:10,443 autoreload Watching for file changes with StatReloader
INFO 2025-04-14 16:56:10,452 autoreload Watching for file changes with StatReloader
INFO 2025-04-14 16:56:10,452 autoreload Watching for file changes with StatReloader
WARNING 2025-04-14 16:56:48,277 log Not Found: /api/v1/products/1
WARNING 2025-04-14 16:56:48,287 log Not Found: /api/v1/products/thumbnail_url
WARNING 2025-04-14 16:56:48,317 log Not Found: /api/v1/products/path/to/laptop.jpg
WARNING 2025-04-14 16:56:48,357 log Not Found: /api/v1/products/path/to/tshirt.jpg
WARNING 2025-04-14 16:59:15,440 log Not Found: /api/v1/products/1
WARNING 2025-04-14 16:59:15,454 log Not Found: /api/v1/products/thumbnail_url
WARNING 2025-04-14 16:59:15,460 log Not Found: /api/v1/products/path/to/tshirt.jpg
WARNING 2025-04-14 16:59:15,470 log Not Found: /api/v1/products/path/to/laptop.jpg
INFO 2025-04-14 18:20:10,598 autoreload C:\django_projects\backend_ecommerce\backend_ecommerce\settings.py changed, reloading.
INFO 2025-04-14 18:20:11,898 autoreload C:\django_projects\backend_ecommerce\backend_ecommerce\settings.py changed, reloading.
INFO 2025-04-14 18:20:12,130 autoreload C:\django_projects\backend_ecommerce\backend_ecommerce\settings.py changed, reloading.
INFO 2025-04-14 18:20:12,722 autoreload C:\django_projects\backend_ecommerce\backend_ecommerce\settings.py changed, reloading.
INFO 2025-04-14 18:20:13,566 autoreload C:\django_projects\backend_ecommerce\backend_ecommerce\settings.py changed, reloading.
INFO 2025-04-14 18:20:14,261 autoreload C:\django_projects\backend_ecommerce\backend_ecommerce\settings.py changed, reloading.
INFO 2025-04-14 18:20:56,582 autoreload Watching for file changes with StatReloader
INFO 2025-04-14 18:20:56,797 autoreload Watching for file changes with StatReloader
INFO 2025-04-14 18:20:56,805 autoreload Watching for file changes with StatReloader
INFO 2025-04-14 18:20:58,986 autoreload Watching for file changes with StatReloader
INFO 2025-04-14 18:21:04,073 autoreload Watching for file changes with StatReloader
INFO 2025-04-14 18:21:04,617 autoreload Watching for file changes with StatReloader
INFO 2025-04-14 18:30:50,663 autoreload Watching for file changes with StatReloader
WARNING 2025-04-14 18:31:17,958 log Not Found: /api/v1/products/path/to/laptop.jpg
WARNING 2025-04-14 18:31:17,963 log Not Found: /api/v1/products/thumbnail_url
WARNING 2025-04-14 18:31:18,013 log Not Found: /api/v1/products/path/to/tshirt.jpg
WARNING 2025-04-14 18:31:18,016 log Not Found: /api/v1/products/1
WARNING 2025-04-14 18:31:37,797 base Method Not Allowed (GET): /logout/
WARNING 2025-04-14 18:31:37,824 log Method Not Allowed: /logout/
INFO 2025-04-14 18:40:25,412 autoreload C:\django_projects\backend_ecommerce\products\urls.py changed, reloading.
INFO 2025-04-14 18:40:25,441 autoreload C:\django_projects\backend_ecommerce\products\urls.py changed, reloading.
INFO 2025-04-14 18:40:27,414 autoreload C:\django_projects\backend_ecommerce\products\urls.py changed, reloading.
INFO 2025-04-14 18:40:28,405 autoreload C:\django_projects\backend_ecommerce\products\urls.py changed, reloading.
INFO 2025-04-14 18:40:27,226 autoreload C:\django_projects\backend_ecommerce\products\urls.py changed, reloading.
INFO 2025-04-14 18:40:28,004 autoreload C:\django_projects\backend_ecommerce\products\urls.py changed, reloading.
INFO 2025-04-14 18:40:28,926 autoreload C:\django_projects\backend_ecommerce\products\urls.py changed, reloading.
INFO 2025-04-14 18:40:40,190 autoreload Watching for file changes with StatReloader
INFO 2025-04-14 18:40:40,188 autoreload Watching for file changes with StatReloader
INFO 2025-04-14 18:40:53,676 autoreload Watching for file changes with StatReloader
INFO 2025-04-14 18:40:55,133 autoreload Watching for file changes with StatReloader
INFO 2025-04-14 18:40:55,522 autoreload Watching for file changes with StatReloader
INFO 2025-04-14 18:40:58,894 autoreload Watching for file changes with StatReloader
INFO 2025-04-14 18:41:01,623 autoreload Watching for file changes with StatReloader
INFO 2025-04-14 18:47:07,827 autoreload C:\django_projects\backend_ecommerce\backend_ecommerce\urls.py changed, reloading.
INFO 2025-04-14 18:47:07,842 autoreload C:\django_projects\backend_ecommerce\backend_ecommerce\urls.py changed, reloading.
INFO 2025-04-14 18:47:07,829 autoreload C:\django_projects\backend_ecommerce\backend_ecommerce\urls.py changed, reloading.
INFO 2025-04-14 18:47:07,865 autoreload C:\django_projects\backend_ecommerce\backend_ecommerce\urls.py changed, reloading.
INFO 2025-04-14 18:47:07,867 autoreload C:\django_projects\backend_ecommerce\backend_ecommerce\urls.py changed, reloading.
INFO 2025-04-14 18:47:08,063 autoreload C:\django_projects\backend_ecommerce\backend_ecommerce\urls.py changed, reloading.
INFO 2025-04-14 18:47:08,191 autoreload C:\django_projects\backend_ecommerce\backend_ecommerce\urls.py changed, reloading.
INFO 2025-04-14 18:47:15,716 autoreload Watching for file changes with StatReloader
INFO 2025-04-14 18:47:15,733 autoreload Watching for file changes with StatReloader
INFO 2025-04-14 18:47:15,842 autoreload Watching for file changes with StatReloader
INFO 2025-04-14 18:47:15,907 autoreload Watching for file changes with StatReloader
INFO 2025-04-14 18:47:15,782 autoreload Watching for file changes with StatReloader
INFO 2025-04-14 18:47:16,169 autoreload Watching for file changes with StatReloader
INFO 2025-04-14 18:47:17,000 autoreload Watching for file changes with StatReloader
INFO 2025-04-14 18:49:36,693 autoreload C:\django_projects\backend_ecommerce\backend_ecommerce\urls.py changed, reloading.
INFO 2025-04-14 18:49:36,729 autoreload C:\django_projects\backend_ecommerce\backend_ecommerce\urls.py changed, reloading.
INFO 2025-04-14 18:49:36,901 autoreload C:\django_projects\backend_ecommerce\backend_ecommerce\urls.py changed, reloading.
INFO 2025-04-14 18:49:36,881 autoreload C:\django_projects\backend_ecommerce\backend_ecommerce\urls.py changed, reloading.
INFO 2025-04-14 18:49:36,878 autoreload C:\django_projects\backend_ecommerce\backend_ecommerce\urls.py changed, reloading.
INFO 2025-04-14 18:49:37,072 autoreload C:\django_projects\backend_ecommerce\backend_ecommerce\urls.py changed, reloading.
INFO 2025-04-14 18:49:51,466 autoreload Watching for file changes with StatReloader
INFO 2025-04-14 18:49:51,571 autoreload Watching for file changes with StatReloader
INFO 2025-04-14 18:49:51,639 autoreload Watching for file changes with StatReloader
INFO 2025-04-14 18:49:51,802 autoreload Watching for file changes with StatReloader
INFO 2025-04-14 18:49:51,841 autoreload Watching for file changes with StatReloader
INFO 2025-04-14 18:49:52,672 autoreload Watching for file changes with StatReloader
INFO 2025-04-14 18:49:53,750 autoreload Watching for file changes with StatReloader
